2024-06-21 11:32:57,131 [INFO] Activator:176 - 


2024-06-21 11:32:57,136 [INFO] Activator:177 - !SESSION log4j initialized
2024-06-21 11:33:02,307 [INFO] LogOutputStream:77 - [STDOUT_REDIRECT] 
2024-06-21 11:33:03,726 [INFO] ApplicationProperties:184 - Using Application install path: /opt/st/stm32cubeide_1.15.1/plugins/com.st.stm32cube.common.mx_6.11.1.202404110753
2024-06-21 11:33:03,756 [INFO] DbMcusXml:78 - Set database path to: /opt/st/stm32cubeide_1.15.1/plugins/com.st.stm32cube.common.mx_6.11.1.202404110753//db//mcu/
2024-06-21 11:33:03,757 [INFO] ApiDb:274 - Set plugin database path to: /opt/st/stm32cubeide_1.15.1/plugins/com.st.stm32cube.common.mx_6.11.1.202404110753//db//plugins/boardmanager/
2024-06-21 11:33:03,757 [WARN] ApiDb:259 - Overriding images path with different value:  => /opt/st/stm32cubeide_1.15.1/plugins/com.st.stm32cube.common.mx_6.11.1.202404110753//db//plugins/mcufinder/images/
2024-06-21 11:33:03,773 [INFO] ApiDb:250 - Set database path to: /home/raxt/.stmcufinder/plugins/mcufinder//mcu/
2024-06-21 11:33:03,774 [INFO] DbMcusAds:125 - Set database path to: /home/raxt/.stmcufinder/plugins/mcufinder//mcu/
2024-06-21 11:33:03,779 [INFO] CrossReferenceDbSqlite:203 - Set database path to: /home/raxt/.stmcufinder/plugins/mcufinder//mcu/cs/
2024-06-21 11:33:03,904 [INFO] RulesReader:64 - Compatibility file has been processed (297 Rules)
2024-06-21 11:33:03,963 [INFO] DbMcusXml:78 - Set database path to: /opt/st/stm32cubeide_1.15.1/plugins/com.st.stm32cube.common.mx_6.11.1.202404110753//db//mcu/
2024-06-21 11:33:03,964 [INFO] ApiDb:274 - Set plugin database path to: /opt/st/stm32cubeide_1.15.1/plugins/com.st.stm32cube.common.mx_6.11.1.202404110753//db//plugins/boardmanager/
2024-06-21 11:33:03,964 [INFO] ApiDb:261 - Set plugin images path to: /opt/st/stm32cubeide_1.15.1/plugins/com.st.stm32cube.common.mx_6.11.1.202404110753//db//plugins/mcufinder/images/
2024-06-21 11:33:03,964 [WARN] DbFile:41 - Overriding database path with different value: /home/raxt/.stmcufinder/plugins/mcufinder/ => /home/raxt/.stmcufinder/plugins/mcufinder
2024-06-21 11:33:03,964 [INFO] ApiDb:250 - Set database path to: /home/raxt/.stmcufinder/plugins/mcufinder//mcu/
2024-06-21 11:33:03,964 [WARN] DbFile:41 - Overriding database path with different value: /home/raxt/.stmcufinder/plugins/mcufinder/ => /home/raxt/.stmcufinder/plugins/mcufinder
2024-06-21 11:33:03,964 [INFO] DbMcusAds:125 - Set database path to: /home/raxt/.stmcufinder/plugins/mcufinder//mcu/
2024-06-21 11:33:03,964 [WARN] DbFile:41 - Overriding database path with different value: /home/raxt/.stmcufinder/plugins/mcufinder/ => /home/raxt/.stmcufinder/plugins/mcufinder
2024-06-21 11:33:03,964 [WARN] DbFile:41 - Overriding database path with different value: /home/raxt/.stmcufinder/plugins/mcufinder/ => /home/raxt/.stmcufinder/plugins/mcufinder
2024-06-21 11:33:03,964 [INFO] CrossReferenceDbSqlite:203 - Set database path to: /home/raxt/.stmcufinder/plugins/mcufinder//mcu/cs/
2024-06-21 11:33:04,030 [INFO] MainPanel:264 - HeapMemory: 268435456
2024-06-21 11:33:04,122 [INFO] DbMcusXml:78 - Set database path to: /opt/st/stm32cubeide_1.15.1/plugins/com.st.stm32cube.common.mx_6.11.1.202404110753//db//mcu/
2024-06-21 11:33:04,122 [INFO] ApiDb:274 - Set plugin database path to: /opt/st/stm32cubeide_1.15.1/plugins/com.st.stm32cube.common.mx_6.11.1.202404110753//db//plugins/boardmanager/
2024-06-21 11:33:04,122 [INFO] ApiDb:261 - Set plugin images path to: /opt/st/stm32cubeide_1.15.1/plugins/com.st.stm32cube.common.mx_6.11.1.202404110753//db//plugins/mcufinder/images/
2024-06-21 11:33:04,122 [WARN] DbFile:41 - Overriding database path with different value: /home/raxt/.stmcufinder/plugins/mcufinder/ => /home/raxt/.stmcufinder/plugins/mcufinder
2024-06-21 11:33:04,123 [INFO] ApiDb:250 - Set database path to: /home/raxt/.stmcufinder/plugins/mcufinder//mcu/
2024-06-21 11:33:04,123 [WARN] DbFile:41 - Overriding database path with different value: /home/raxt/.stmcufinder/plugins/mcufinder/ => /home/raxt/.stmcufinder/plugins/mcufinder
2024-06-21 11:33:04,123 [INFO] DbMcusAds:125 - Set database path to: /home/raxt/.stmcufinder/plugins/mcufinder//mcu/
2024-06-21 11:33:04,123 [WARN] DbFile:41 - Overriding database path with different value: /home/raxt/.stmcufinder/plugins/mcufinder/ => /home/raxt/.stmcufinder/plugins/mcufinder
2024-06-21 11:33:04,123 [WARN] DbFile:41 - Overriding database path with different value: /home/raxt/.stmcufinder/plugins/mcufinder/ => /home/raxt/.stmcufinder/plugins/mcufinder
2024-06-21 11:33:04,123 [INFO] CrossReferenceDbSqlite:203 - Set database path to: /home/raxt/.stmcufinder/plugins/mcufinder//mcu/cs/
2024-06-21 11:33:04,135 [INFO] ApplicationProperties:184 - Using Application install path: /opt/st/stm32cubeide_1.15.1/plugins/com.st.stm32cube.common.mx_6.11.1.202404110753
2024-06-21 11:33:04,136 [INFO] PluginManage:196 - Search for loadable plugins [exclusion list=, ]
2024-06-21 11:33:04,137 [INFO] PluginManage:310 - Check plugin analytics
2024-06-21 11:33:04,248 [INFO] AnalyticsPlugin:253 - Accepted Software Licenses: 
2024-06-21 11:33:04,248 [INFO] AnalyticsPlugin:255 - Accepted CMSIS Pack Licenses: 
2024-06-21 11:33:04,248 [INFO] AnalyticsPlugin:257 - Accepted Firmware Licenses: FW.F4.1.28.0
2024-06-21 11:33:04,250 [INFO] PluginManage:359 - Loaded plugin analytics (category:tool,tabindex:-1)
2024-06-21 11:33:04,250 [INFO] PluginManage:310 - Check plugin cadmodel
2024-06-21 11:33:04,303 [INFO] CADModel:105 - Init CAD model plugin
2024-06-21 11:33:04,303 [INFO] PluginManage:359 - Loaded plugin cadmodel (category:power,tabindex:5)
2024-06-21 11:33:04,304 [INFO] PluginManage:310 - Check plugin clock
2024-06-21 11:33:04,316 [INFO] PluginManage:359 - Loaded plugin clock (category:base,tabindex:2)
2024-06-21 11:33:04,316 [INFO] PluginManage:310 - Check plugin ddr
2024-06-21 11:33:04,319 [INFO] PluginManage:359 - Loaded plugin ddr (category:tool,tabindex:6)
2024-06-21 11:33:04,319 [INFO] PluginManage:310 - Check plugin filemanager
2024-06-21 11:33:04,485 [INFO] PluginManage:359 - Loaded plugin filemanager (category:base,tabindex:10)
2024-06-21 11:33:04,485 [INFO] PluginManage:310 - Check plugin ipmanager
2024-06-21 11:33:04,495 [INFO] PluginManage:359 - Loaded plugin ipmanager (category:base,tabindex:5)
2024-06-21 11:33:04,495 [INFO] PluginManage:310 - Check plugin lpbam
2024-06-21 11:33:04,510 [INFO] PluginManage:359 - Loaded plugin lpbam (category:base,tabindex:0)
2024-06-21 11:33:04,510 [INFO] PluginManage:310 - Check plugin memorymap
2024-06-21 11:33:04,523 [INFO] PluginManage:359 - Loaded plugin memorymap (category:base,tabindex:4)
2024-06-21 11:33:04,523 [INFO] PluginManage:310 - Check plugin pinoutandconfiguration
2024-06-21 11:33:04,543 [INFO] PluginManage:359 - Loaded plugin pinoutandconfiguration (category:base,tabindex:1)
2024-06-21 11:33:04,544 [INFO] PluginManage:310 - Check plugin pinoutconfig
2024-06-21 11:33:04,615 [WARN] SupportedApi:132 - Cannot load RTOS API schema: s4s-elt-must-match.1: The content of 'definitions' must match (annotation?, (simpleType | complexType)?, (unique | key | keyref)*)). A problem was found starting at: attribute.
2024-06-21 11:33:04,761 [INFO] PluginManage:359 - Loaded plugin pinoutconfig (category:base,tabindex:0)
2024-06-21 11:33:04,761 [INFO] PluginManage:310 - Check plugin power
2024-06-21 11:33:04,775 [INFO] PluginManage:359 - Loaded plugin power (category:power,tabindex:4)
2024-06-21 11:33:04,775 [INFO] PluginManage:310 - Check plugin projectmanager
2024-06-21 11:33:04,787 [INFO] PluginManage:359 - Loaded plugin projectmanager (category:projectmanager,tabindex:3)
2024-06-21 11:33:04,787 [INFO] PluginManage:310 - Check plugin thirdparty
2024-06-21 11:33:04,967 [INFO] PluginManage:359 - Loaded plugin thirdparty (category:base,tabindex:-1)
2024-06-21 11:33:04,967 [INFO] PluginManage:310 - Check plugin tools
2024-06-21 11:33:04,967 [WARN] IntegrityCheckThread:84 - waiting for thirdparty lock release [integrity check]
2024-06-21 11:33:04,967 [INFO] IntegrityCheckThread:86 - entering critical section [integrity check]
2024-06-21 11:33:04,968 [INFO] ThirdPartyUpdaterWithRetryManager:70 - Updater plugin not ready yet. [1/15]
2024-06-21 11:33:04,970 [INFO] PluginManage:359 - Loaded plugin tools (category:base,tabindex:7)
2024-06-21 11:33:04,971 [INFO] PluginManage:310 - Check plugin tutovideos
2024-06-21 11:33:05,191 [INFO] PluginManage:359 - Loaded plugin tutovideos (category:base,tabindex:-1)
2024-06-21 11:33:05,191 [INFO] PluginManage:310 - Check plugin updater
2024-06-21 11:33:05,211 [INFO] PluginManage:359 - Loaded plugin updater (category:base,tabindex:12)
2024-06-21 11:33:05,211 [INFO] PluginManage:310 - Check plugin userauth
2024-06-21 11:33:05,219 [INFO] UserAuth:114 - Init User Auth plugin
2024-06-21 11:33:05,219 [INFO] PluginManage:359 - Loaded plugin userauth (category:base,tabindex:14)
2024-06-21 11:33:05,220 [INFO] PluginManage:283 - PluginManage : Loaded plugins [17]
2024-06-21 11:33:05,458 [INFO] PinOutPanel:1561 - setPackage(No Configuration,No Configuration)
2024-06-21 11:33:05,528 [INFO] CADModel:165 - CPN selected for project level
2024-06-21 11:33:05,529 [INFO] CADModel:114 - Register for checkConnection events
2024-06-21 11:33:05,547 [INFO] IPUIPlugin:80 - create IPUIPlugin
2024-06-21 11:33:05,547 [INFO] PluginManager:220 - loadIPPluginJar : add pdm2pcm
2024-06-21 11:33:05,554 [INFO] IPUIPlugin:80 - create IPUIPlugin
2024-06-21 11:33:05,554 [INFO] PluginManager:220 - loadIPPluginJar : add dma
2024-06-21 11:33:05,560 [INFO] IPUIPlugin:80 - create IPUIPlugin
2024-06-21 11:33:05,560 [INFO] PluginManager:220 - loadIPPluginJar : add gfxmmu
2024-06-21 11:33:05,562 [INFO] IPUIPlugin:80 - create IPUIPlugin
2024-06-21 11:33:05,563 [INFO] PluginManager:220 - loadIPPluginJar : add hash
2024-06-21 11:33:05,565 [INFO] IPUIPlugin:80 - create IPUIPlugin
2024-06-21 11:33:05,565 [INFO] PluginManager:220 - loadIPPluginJar : add spi
2024-06-21 11:33:05,568 [INFO] IPUIPlugin:80 - create IPUIPlugin
2024-06-21 11:33:05,568 [INFO] PluginManager:220 - loadIPPluginJar : add i3c
2024-06-21 11:33:05,574 [INFO] IPUIPlugin:80 - create IPUIPlugin
2024-06-21 11:33:05,574 [INFO] PluginManager:220 - loadIPPluginJar : add nvic
2024-06-21 11:33:05,581 [INFO] IPUIPlugin:80 - create IPUIPlugin
2024-06-21 11:33:05,581 [INFO] PluginManager:220 - loadIPPluginJar : add linkedlist
2024-06-21 11:33:05,588 [INFO] IPUIPlugin:80 - create IPUIPlugin
2024-06-21 11:33:05,589 [INFO] PluginManager:220 - loadIPPluginJar : add mdma
2024-06-21 11:33:05,590 [INFO] IPUIPlugin:80 - create IPUIPlugin
2024-06-21 11:33:05,590 [INFO] PluginManager:220 - loadIPPluginJar : add comp
2024-06-21 11:33:05,592 [INFO] IPUIPlugin:80 - create IPUIPlugin
2024-06-21 11:33:05,592 [INFO] PluginManager:220 - loadIPPluginJar : add genericplugin
2024-06-21 11:33:05,594 [INFO] IPUIPlugin:80 - create IPUIPlugin
2024-06-21 11:33:05,594 [INFO] PluginManager:220 - loadIPPluginJar : add tsc
2024-06-21 11:33:05,595 [INFO] IPUIPlugin:80 - create IPUIPlugin
2024-06-21 11:33:05,595 [INFO] PluginManager:220 - loadIPPluginJar : add fatfs
2024-06-21 11:33:05,598 [INFO] IPUIPlugin:80 - create IPUIPlugin
2024-06-21 11:33:05,598 [INFO] PluginManager:220 - loadIPPluginJar : add usart
2024-06-21 11:33:05,601 [INFO] IPUIPlugin:80 - create IPUIPlugin
2024-06-21 11:33:05,601 [INFO] PluginManager:220 - loadIPPluginJar : add dfsdm
2024-06-21 11:33:05,609 [INFO] IPUIPlugin:80 - create IPUIPlugin
2024-06-21 11:33:05,609 [INFO] PluginManager:220 - loadIPPluginJar : add stm32_wpan
2024-06-21 11:33:05,611 [INFO] IPUIPlugin:80 - create IPUIPlugin
2024-06-21 11:33:05,611 [INFO] PluginManager:220 - loadIPPluginJar : add i2s
2024-06-21 11:33:05,615 [INFO] IPUIPlugin:80 - create IPUIPlugin
2024-06-21 11:33:05,615 [INFO] PluginManager:220 - loadIPPluginJar : add fmc
2024-06-21 11:33:05,617 [INFO] IPUIPlugin:80 - create IPUIPlugin
2024-06-21 11:33:05,618 [INFO] PluginManager:220 - loadIPPluginJar : add i2c
2024-06-21 11:33:05,620 [INFO] IPUIPlugin:80 - create IPUIPlugin
2024-06-21 11:33:05,621 [INFO] PluginManager:220 - loadIPPluginJar : add tim
2024-06-21 11:33:05,626 [INFO] IPUIPlugin:80 - create IPUIPlugin
2024-06-21 11:33:05,626 [INFO] PluginManager:220 - loadIPPluginJar : add gtzc
2024-06-21 11:33:05,629 [INFO] IPUIPlugin:80 - create IPUIPlugin
2024-06-21 11:33:05,629 [INFO] PluginManager:220 - loadIPPluginJar : add opamp
2024-06-21 11:33:05,633 [INFO] IPUIPlugin:80 - create IPUIPlugin
2024-06-21 11:33:05,633 [INFO] PluginManager:220 - loadIPPluginJar : add usbx
2024-06-21 11:33:05,638 [INFO] IPUIPlugin:80 - create IPUIPlugin
2024-06-21 11:33:05,639 [INFO] PluginManager:220 - loadIPPluginJar : add ipddr
2024-06-21 11:33:05,642 [INFO] IPUIPlugin:80 - create IPUIPlugin
2024-06-21 11:33:05,642 [INFO] PluginManager:220 - loadIPPluginJar : add can
2024-06-21 11:33:05,653 [INFO] IPUIPlugin:80 - create IPUIPlugin
2024-06-21 11:33:05,653 [INFO] PluginManager:220 - loadIPPluginJar : add gic
2024-06-21 11:33:05,657 [INFO] IPUIPlugin:80 - create IPUIPlugin
2024-06-21 11:33:05,657 [INFO] PluginManager:220 - loadIPPluginJar : add cryp
2024-06-21 11:33:05,661 [INFO] IPUIPlugin:80 - create IPUIPlugin
2024-06-21 11:33:05,661 [INFO] PluginManager:220 - loadIPPluginJar : add sai
2024-06-21 11:33:05,666 [INFO] IPUIPlugin:80 - create IPUIPlugin
2024-06-21 11:33:05,666 [INFO] PluginManager:220 - loadIPPluginJar : add extmemmanager
2024-06-21 11:33:05,677 [INFO] IPUIPlugin:80 - create IPUIPlugin
2024-06-21 11:33:05,679 [INFO] PluginManager:220 - loadIPPluginJar : add plateformsettings
2024-06-21 11:33:05,686 [INFO] IPUIPlugin:80 - create IPUIPlugin
2024-06-21 11:33:05,687 [INFO] PluginManager:220 - loadIPPluginJar : add freertos
2024-06-21 11:33:05,692 [INFO] IPUIPlugin:80 - create IPUIPlugin
2024-06-21 11:33:05,692 [INFO] PluginManager:220 - loadIPPluginJar : add gpio
2024-06-21 11:33:05,694 [INFO] IPUIPlugin:80 - create IPUIPlugin
2024-06-21 11:33:05,694 [INFO] PluginManager:220 - loadIPPluginJar : add openamp
2024-06-21 11:33:05,696 [INFO] IPUIPlugin:80 - create IPUIPlugin
2024-06-21 11:33:05,696 [INFO] PluginManager:220 - loadIPPluginJar : add dma3
2024-06-21 11:33:05,699 [INFO] IPUIPlugin:80 - create IPUIPlugin
2024-06-21 11:33:05,699 [INFO] PluginManager:220 - loadIPPluginJar : add resmgrutility
2024-06-21 11:33:05,700 [INFO] IPUIPlugin:80 - create IPUIPlugin
2024-06-21 11:33:05,700 [INFO] PluginManager:220 - loadIPPluginJar : add ltdc
2024-06-21 11:33:05,702 [INFO] IPUIPlugin:80 - create IPUIPlugin
2024-06-21 11:33:05,702 [INFO] PluginManager:220 - loadIPPluginJar : add aes
2024-06-21 11:33:05,704 [INFO] IPUIPlugin:80 - create IPUIPlugin
2024-06-21 11:33:05,704 [INFO] PluginManager:220 - loadIPPluginJar : add lorawan
2024-06-21 11:33:05,705 [INFO] IPUIPlugin:80 - create IPUIPlugin
2024-06-21 11:33:05,705 [INFO] PluginManager:220 - loadIPPluginJar : add quadspi
2024-06-21 11:33:05,706 [INFO] IPUIPlugin:80 - create IPUIPlugin
2024-06-21 11:33:05,706 [INFO] PluginManager:220 - loadIPPluginJar : add ucpd
2024-06-21 11:33:05,711 [INFO] IPUIPlugin:80 - create IPUIPlugin
2024-06-21 11:33:05,711 [INFO] PluginManager:220 - loadIPPluginJar : add adc
2024-06-21 11:33:05,713 [INFO] IPUIPlugin:80 - create IPUIPlugin
2024-06-21 11:33:05,713 [INFO] PluginManager:220 - loadIPPluginJar : add ts
2024-06-21 11:33:05,715 [INFO] IPUIPlugin:80 - create IPUIPlugin
2024-06-21 11:33:05,715 [INFO] PluginManager:220 - loadIPPluginJar : add touchsensing
2024-06-21 11:33:05,717 [INFO] IPUIPlugin:80 - create IPUIPlugin
2024-06-21 11:33:05,717 [INFO] PluginManager:220 - loadIPPluginJar : add tracer_emb
2024-06-21 11:33:05,840 [INFO] CADModel:165 - CPN selected for project level
2024-06-21 11:33:05,840 [INFO] CADModel:114 - Register for checkConnection events
2024-06-21 11:33:05,840 [FATAL] Updater:308 - Updater called before beeing initialized
2024-06-21 11:33:05,841 [ERROR] CADModel:125 - Updater not yet initialized, retry later 
2024-06-21 11:33:06,070 [INFO] CADModel:165 - CPN selected for project level
2024-06-21 11:33:06,072 [INFO] CADModel:114 - Register for checkConnection events
2024-06-21 11:33:06,072 [FATAL] Updater:308 - Updater called before beeing initialized
2024-06-21 11:33:06,072 [ERROR] CADModel:125 - Updater not yet initialized, retry later 
2024-06-21 11:33:06,079 [FATAL] Updater:308 - Updater called before beeing initialized
2024-06-21 11:33:06,202 [FATAL] Updater:308 - Updater called before beeing initialized
2024-06-21 11:33:06,208 [INFO] DbMcusAds:53 - JSON generation date=Thu May 16 06:22:00 ART 2024 (1715851320852)
2024-06-21 11:33:06,208 [FATAL] Updater:308 - Updater called before beeing initialized
2024-06-21 11:33:06,274 [WARN] DetailPanel:346 - Failed to get advertising image, set to default
2024-06-21 11:33:06,400 [FATAL] Updater:308 - Updater called before beeing initialized
2024-06-21 11:33:06,404 [FATAL] Updater:308 - Updater called before beeing initialized
2024-06-21 11:33:06,404 [FATAL] Updater:308 - Updater called before beeing initialized
2024-06-21 11:33:06,404 [WARN] DetailPanel:346 - Failed to get advertising image, set to default
2024-06-21 11:33:06,406 [FATAL] Updater:308 - Updater called before beeing initialized
2024-06-21 11:33:06,475 [ERROR] Updater:1120 - MainUpdater not yet initialized. External WinMGr cannot be set.
2024-06-21 11:33:06,479 [INFO] Updater:1056 - Updater Version found : 6.11.1
2024-06-21 11:33:06,524 [INFO] ApplicationProperties:184 - Using Application install path: /opt/st/stm32cubeide_1.15.1/plugins/com.st.stm32cube.common.mx_6.11.1.202404110753
2024-06-21 11:33:06,562 [ERROR] LogOutputStream:75 - [STDERR_REDIRECT] Jun 21, 2024 11:33:06 AM java.util.prefs.FileSystemPreferences$2 run
2024-06-21 11:33:06,562 [ERROR] LogOutputStream:75 - [STDERR_REDIRECT] WARNING: Could not create system preferences directory. System preferences are unusable.
2024-06-21 11:33:06,563 [ERROR] LogOutputStream:75 - [STDERR_REDIRECT] 
2024-06-21 11:33:07,163 [INFO] MainUpdater:2873 - connection check result : 10
2024-06-21 11:33:07,164 [INFO] MainUpdater:290 - Updater Check For Update Now.
2024-06-21 11:33:07,164 [INFO] MicroXplorer:498 - Change Database Version : DB.6.0.111
2024-06-21 11:33:07,168 [INFO] McuFinderGlobals:63 - Set McuFinder mode to 2 (CubeIDE integrated)
2024-06-21 11:33:07,189 [INFO] UserAuth:415 - Internet connection configuration mode: 1
2024-06-21 11:33:07,220 [INFO] JxBrowserEngine:152 - Initiate JxBrowser Engine with user profile folder
2024-06-21 11:33:07,360 [INFO] CheckServerUpdateThread:120 - End of CheckServer Thread
2024-06-21 11:33:08,214 [WARN] PackLoader:240 - Cannot read IP mode file for STMicroelectronics.FP-SNS-FLIGHT1.5.0.2
2024-06-21 11:33:08,232 [WARN] PackLoader:240 - Cannot read IP mode file for STMicroelectronics.X-CUBE-DISPLAY.3.0.0
2024-06-21 11:33:08,262 [WARN] PackLoader:240 - Cannot read IP mode file for STMicroelectronics.X-CUBE-BLE1.7.0.0
2024-06-21 11:33:08,290 [WARN] PackLoader:240 - Cannot read IP mode file for STMicroelectronics.X-CUBE-BLEMGR.3.1.0
2024-06-21 11:33:08,304 [WARN] PackLoader:240 - Cannot read IP mode file for STMicroelectronics.FP-SNS-SMARTAG2.1.2.0
2024-06-21 11:33:08,312 [WARN] PackLoader:240 - Cannot read IP mode file for STMicroelectronics.X-CUBE-BLE2.3.3.0
2024-06-21 11:33:08,326 [WARN] PackLoader:240 - Cannot read IP mode file for STMicroelectronics.X-CUBE-NFC4.3.0.0
2024-06-21 11:33:08,342 [WARN] PackLoader:240 - Cannot read IP mode file for STMicroelectronics.FP-ATR-SIGFOX1.3.2.0
2024-06-21 11:33:08,360 [WARN] PackLoader:240 - Cannot read IP mode file for STMicroelectronics.X-CUBE-EEPRMA1.5.1.0
2024-06-21 11:33:08,379 [WARN] PackLoader:240 - Cannot read IP mode file for STMicroelectronics.X-CUBE-GNSS1.6.0.0
2024-06-21 11:33:08,394 [WARN] PackLoader:240 - Cannot read IP mode file for STMicroelectronics.X-CUBE-ISPU.2.0.0
2024-06-21 11:33:08,512 [WARN] PackLoader:240 - Cannot read IP mode file for STMicroelectronics.X-CUBE-MEMS1.10.0.0
2024-06-21 11:33:08,854 [WARN] PackLoader:240 - Cannot read IP mode file for STMicroelectronics.FP-ATR-ASTRA1.2.0.0
2024-06-21 11:33:08,856 [INFO] ThirdParty:978 - Integrity check success = true
2024-06-21 11:33:08,856 [INFO] IntegrityCheckThread:100 - exiting critical section [integrity check]
2024-06-21 11:33:08,857 [INFO] IntegrityCheckThread:103 - End integrity checks thread
2024-06-21 11:33:09,489 [INFO] WebApp:161 - Instantiating new browser for Auth
2024-06-21 11:33:10,348 [INFO] WebApp:779 - Register for checkConnection events
2024-06-21 11:33:10,348 [INFO] WebApp:414 - Apply proxy settings
2024-06-21 11:33:10,349 [INFO] WebApp:459 - Chromium authenticates against Manually configured proxy
2024-06-21 11:33:10,354 [INFO] WebApp:467 - Username used for proxy authentication: 
2024-06-21 11:33:10,501 [INFO] WebApp:192 - Starting web application
2024-06-21 11:33:10,501 [INFO] WebApp:544 - Web application path used /opt/st/stm32cubeide_1.15.1/plugins/com.st.stm32cube.common.mx_6.11.1.202404110753/db/plugins/mcufinder/reactClient1/index.html
2024-06-21 11:33:32,495 [ERROR] LogOutputStream:75 - [STDERR_REDIRECT] Jun 21, 2024 11:33:32 AM java.util.prefs.FileSystemPreferences checkLockFile0ErrorCode
2024-06-21 11:33:32,496 [ERROR] LogOutputStream:75 - [STDERR_REDIRECT] WARNING: Could not lock System prefs. Unix error code 32531.
2024-06-21 11:33:32,496 [ERROR] LogOutputStream:75 - [STDERR_REDIRECT] 
2024-06-21 11:33:32,496 [ERROR] LogOutputStream:75 - [STDERR_REDIRECT] Jun 21, 2024 11:33:32 AM java.util.prefs.FileSystemPreferences syncWorld
2024-06-21 11:33:32,496 [ERROR] LogOutputStream:75 - [STDERR_REDIRECT] WARNING: Couldn't flush system prefs: java.util.prefs.BackingStoreException: Couldn't get file lock.
2024-06-21 11:33:32,496 [ERROR] LogOutputStream:75 - [STDERR_REDIRECT] 
2024-06-21 11:34:02,491 [ERROR] LogOutputStream:75 - [STDERR_REDIRECT] Jun 21, 2024 11:34:02 AM java.util.prefs.FileSystemPreferences checkLockFile0ErrorCode
2024-06-21 11:34:02,492 [ERROR] LogOutputStream:75 - [STDERR_REDIRECT] WARNING: Could not lock System prefs. Unix error code 32531.
2024-06-21 11:34:02,492 [ERROR] LogOutputStream:75 - [STDERR_REDIRECT] 
2024-06-21 11:34:02,492 [ERROR] LogOutputStream:75 - [STDERR_REDIRECT] Jun 21, 2024 11:34:02 AM java.util.prefs.FileSystemPreferences syncWorld
2024-06-21 11:34:02,493 [ERROR] LogOutputStream:75 - [STDERR_REDIRECT] WARNING: Couldn't flush system prefs: java.util.prefs.BackingStoreException: Couldn't get file lock.
2024-06-21 11:34:02,493 [ERROR] LogOutputStream:75 - [STDERR_REDIRECT] 
2024-06-21 11:34:32,482 [ERROR] LogOutputStream:75 - [STDERR_REDIRECT] Jun 21, 2024 11:34:32 AM java.util.prefs.FileSystemPreferences checkLockFile0ErrorCode
2024-06-21 11:34:32,482 [ERROR] LogOutputStream:75 - [STDERR_REDIRECT] WARNING: Could not lock System prefs. Unix error code 32531.
2024-06-21 11:34:32,482 [ERROR] LogOutputStream:75 - [STDERR_REDIRECT] 
2024-06-21 11:34:32,482 [ERROR] LogOutputStream:75 - [STDERR_REDIRECT] Jun 21, 2024 11:34:32 AM java.util.prefs.FileSystemPreferences syncWorld
2024-06-21 11:34:32,483 [ERROR] LogOutputStream:75 - [STDERR_REDIRECT] WARNING: Couldn't flush system prefs: java.util.prefs.BackingStoreException: Couldn't get file lock.
2024-06-21 11:34:32,483 [ERROR] LogOutputStream:75 - [STDERR_REDIRECT] 
2024-06-21 11:35:02,486 [ERROR] LogOutputStream:75 - [STDERR_REDIRECT] Jun 21, 2024 11:35:02 AM java.util.prefs.FileSystemPreferences checkLockFile0ErrorCode
2024-06-21 11:35:02,487 [ERROR] LogOutputStream:75 - [STDERR_REDIRECT] WARNING: Could not lock System prefs. Unix error code 32531.
2024-06-21 11:35:02,487 [ERROR] LogOutputStream:75 - [STDERR_REDIRECT] 
2024-06-21 11:35:02,487 [ERROR] LogOutputStream:75 - [STDERR_REDIRECT] Jun 21, 2024 11:35:02 AM java.util.prefs.FileSystemPreferences syncWorld
2024-06-21 11:35:02,487 [ERROR] LogOutputStream:75 - [STDERR_REDIRECT] WARNING: Couldn't flush system prefs: java.util.prefs.BackingStoreException: Couldn't get file lock.
2024-06-21 11:35:02,487 [ERROR] LogOutputStream:75 - [STDERR_REDIRECT] 
2024-06-21 11:35:32,491 [ERROR] LogOutputStream:75 - [STDERR_REDIRECT] Jun 21, 2024 11:35:32 AM java.util.prefs.FileSystemPreferences checkLockFile0ErrorCode
2024-06-21 11:35:32,491 [ERROR] LogOutputStream:75 - [STDERR_REDIRECT] WARNING: Could not lock System prefs. Unix error code 32531.
2024-06-21 11:35:32,491 [ERROR] LogOutputStream:75 - [STDERR_REDIRECT] 
2024-06-21 11:35:32,491 [ERROR] LogOutputStream:75 - [STDERR_REDIRECT] Jun 21, 2024 11:35:32 AM java.util.prefs.FileSystemPreferences syncWorld
2024-06-21 11:35:32,491 [ERROR] LogOutputStream:75 - [STDERR_REDIRECT] WARNING: Couldn't flush system prefs: java.util.prefs.BackingStoreException: Couldn't get file lock.
2024-06-21 11:35:32,491 [ERROR] LogOutputStream:75 - [STDERR_REDIRECT] 
2024-06-21 11:36:02,490 [ERROR] LogOutputStream:75 - [STDERR_REDIRECT] Jun 21, 2024 11:36:02 AM java.util.prefs.FileSystemPreferences checkLockFile0ErrorCode
2024-06-21 11:36:02,491 [ERROR] LogOutputStream:75 - [STDERR_REDIRECT] WARNING: Could not lock System prefs. Unix error code 0.
2024-06-21 11:36:02,491 [ERROR] LogOutputStream:75 - [STDERR_REDIRECT] 
2024-06-21 11:36:02,491 [ERROR] LogOutputStream:75 - [STDERR_REDIRECT] Jun 21, 2024 11:36:02 AM java.util.prefs.FileSystemPreferences syncWorld
2024-06-21 11:36:02,491 [ERROR] LogOutputStream:75 - [STDERR_REDIRECT] WARNING: Couldn't flush system prefs: java.util.prefs.BackingStoreException: Couldn't get file lock.
2024-06-21 11:36:02,491 [ERROR] LogOutputStream:75 - [STDERR_REDIRECT] 
2024-06-21 11:36:32,503 [ERROR] LogOutputStream:75 - [STDERR_REDIRECT] Jun 21, 2024 11:36:32 AM java.util.prefs.FileSystemPreferences checkLockFile0ErrorCode
2024-06-21 11:36:32,503 [ERROR] LogOutputStream:75 - [STDERR_REDIRECT] WARNING: Could not lock System prefs. Unix error code 0.
2024-06-21 11:36:32,503 [ERROR] LogOutputStream:75 - [STDERR_REDIRECT] 
2024-06-21 11:36:32,503 [ERROR] LogOutputStream:75 - [STDERR_REDIRECT] Jun 21, 2024 11:36:32 AM java.util.prefs.FileSystemPreferences syncWorld
2024-06-21 11:36:32,504 [ERROR] LogOutputStream:75 - [STDERR_REDIRECT] WARNING: Couldn't flush system prefs: java.util.prefs.BackingStoreException: Couldn't get file lock.
2024-06-21 11:36:32,504 [ERROR] LogOutputStream:75 - [STDERR_REDIRECT] 
2024-06-21 11:37:02,501 [ERROR] LogOutputStream:75 - [STDERR_REDIRECT] Jun 21, 2024 11:37:02 AM java.util.prefs.FileSystemPreferences checkLockFile0ErrorCode
2024-06-21 11:37:02,502 [ERROR] LogOutputStream:75 - [STDERR_REDIRECT] WARNING: Could not lock System prefs. Unix error code 0.
2024-06-21 11:37:02,502 [ERROR] LogOutputStream:75 - [STDERR_REDIRECT] 
2024-06-21 11:37:02,503 [ERROR] LogOutputStream:75 - [STDERR_REDIRECT] Jun 21, 2024 11:37:02 AM java.util.prefs.FileSystemPreferences syncWorld
2024-06-21 11:37:02,503 [ERROR] LogOutputStream:75 - [STDERR_REDIRECT] WARNING: Couldn't flush system prefs: java.util.prefs.BackingStoreException: Couldn't get file lock.
2024-06-21 11:37:02,503 [ERROR] LogOutputStream:75 - [STDERR_REDIRECT] 
2024-06-21 11:37:32,501 [ERROR] LogOutputStream:75 - [STDERR_REDIRECT] Jun 21, 2024 11:37:32 AM java.util.prefs.FileSystemPreferences checkLockFile0ErrorCode
2024-06-21 11:37:32,502 [ERROR] LogOutputStream:75 - [STDERR_REDIRECT] WARNING: Could not lock System prefs. Unix error code 0.
2024-06-21 11:37:32,502 [ERROR] LogOutputStream:75 - [STDERR_REDIRECT] 
2024-06-21 11:37:32,502 [ERROR] LogOutputStream:75 - [STDERR_REDIRECT] Jun 21, 2024 11:37:32 AM java.util.prefs.FileSystemPreferences syncWorld
2024-06-21 11:37:32,502 [ERROR] LogOutputStream:75 - [STDERR_REDIRECT] WARNING: Couldn't flush system prefs: java.util.prefs.BackingStoreException: Couldn't get file lock.
2024-06-21 11:37:32,502 [ERROR] LogOutputStream:75 - [STDERR_REDIRECT] 
2024-06-21 11:38:02,504 [ERROR] LogOutputStream:75 - [STDERR_REDIRECT] Jun 21, 2024 11:38:02 AM java.util.prefs.FileSystemPreferences checkLockFile0ErrorCode
2024-06-21 11:38:02,504 [ERROR] LogOutputStream:75 - [STDERR_REDIRECT] WARNING: Could not lock System prefs. Unix error code 0.
2024-06-21 11:38:02,505 [ERROR] LogOutputStream:75 - [STDERR_REDIRECT] 
2024-06-21 11:38:02,505 [ERROR] LogOutputStream:75 - [STDERR_REDIRECT] Jun 21, 2024 11:38:02 AM java.util.prefs.FileSystemPreferences syncWorld
2024-06-21 11:38:02,505 [ERROR] LogOutputStream:75 - [STDERR_REDIRECT] WARNING: Couldn't flush system prefs: java.util.prefs.BackingStoreException: Couldn't get file lock.
2024-06-21 11:38:02,506 [ERROR] LogOutputStream:75 - [STDERR_REDIRECT] 
2024-06-21 11:38:32,502 [ERROR] LogOutputStream:75 - [STDERR_REDIRECT] Jun 21, 2024 11:38:32 AM java.util.prefs.FileSystemPreferences checkLockFile0ErrorCode
2024-06-21 11:38:32,502 [ERROR] LogOutputStream:75 - [STDERR_REDIRECT] WARNING: Could not lock System prefs. Unix error code 0.
2024-06-21 11:38:32,502 [ERROR] LogOutputStream:75 - [STDERR_REDIRECT] 
2024-06-21 11:38:32,503 [ERROR] LogOutputStream:75 - [STDERR_REDIRECT] Jun 21, 2024 11:38:32 AM java.util.prefs.FileSystemPreferences syncWorld
2024-06-21 11:38:32,503 [ERROR] LogOutputStream:75 - [STDERR_REDIRECT] WARNING: Couldn't flush system prefs: java.util.prefs.BackingStoreException: Couldn't get file lock.
2024-06-21 11:38:32,503 [ERROR] LogOutputStream:75 - [STDERR_REDIRECT] 
2024-06-21 11:39:02,489 [ERROR] LogOutputStream:75 - [STDERR_REDIRECT] Jun 21, 2024 11:39:02 AM java.util.prefs.FileSystemPreferences checkLockFile0ErrorCode
2024-06-21 11:39:02,490 [ERROR] LogOutputStream:75 - [STDERR_REDIRECT] WARNING: Could not lock System prefs. Unix error code 32531.
2024-06-21 11:39:02,490 [ERROR] LogOutputStream:75 - [STDERR_REDIRECT] 
2024-06-21 11:39:02,490 [ERROR] LogOutputStream:75 - [STDERR_REDIRECT] Jun 21, 2024 11:39:02 AM java.util.prefs.FileSystemPreferences syncWorld
2024-06-21 11:39:02,490 [ERROR] LogOutputStream:75 - [STDERR_REDIRECT] WARNING: Couldn't flush system prefs: java.util.prefs.BackingStoreException: Couldn't get file lock.
2024-06-21 11:39:02,490 [ERROR] LogOutputStream:75 - [STDERR_REDIRECT] 
2024-06-21 11:39:32,493 [ERROR] LogOutputStream:75 - [STDERR_REDIRECT] Jun 21, 2024 11:39:32 AM java.util.prefs.FileSystemPreferences checkLockFile0ErrorCode
2024-06-21 11:39:32,493 [ERROR] LogOutputStream:75 - [STDERR_REDIRECT] WARNING: Could not lock System prefs. Unix error code 32531.
2024-06-21 11:39:32,493 [ERROR] LogOutputStream:75 - [STDERR_REDIRECT] 
2024-06-21 11:39:32,494 [ERROR] LogOutputStream:75 - [STDERR_REDIRECT] Jun 21, 2024 11:39:32 AM java.util.prefs.FileSystemPreferences syncWorld
2024-06-21 11:39:32,494 [ERROR] LogOutputStream:75 - [STDERR_REDIRECT] WARNING: Couldn't flush system prefs: java.util.prefs.BackingStoreException: Couldn't get file lock.
2024-06-21 11:39:32,494 [ERROR] LogOutputStream:75 - [STDERR_REDIRECT] 
2024-06-21 11:40:02,489 [ERROR] LogOutputStream:75 - [STDERR_REDIRECT] Jun 21, 2024 11:40:02 AM java.util.prefs.FileSystemPreferences checkLockFile0ErrorCode
2024-06-21 11:40:02,490 [ERROR] LogOutputStream:75 - [STDERR_REDIRECT] WARNING: Could not lock System prefs. Unix error code 32531.
2024-06-21 11:40:02,490 [ERROR] LogOutputStream:75 - [STDERR_REDIRECT] 
2024-06-21 11:40:02,491 [ERROR] LogOutputStream:75 - [STDERR_REDIRECT] Jun 21, 2024 11:40:02 AM java.util.prefs.FileSystemPreferences syncWorld
2024-06-21 11:40:02,491 [ERROR] LogOutputStream:75 - [STDERR_REDIRECT] WARNING: Couldn't flush system prefs: java.util.prefs.BackingStoreException: Couldn't get file lock.
2024-06-21 11:40:02,491 [ERROR] LogOutputStream:75 - [STDERR_REDIRECT] 
2024-06-21 11:40:32,495 [ERROR] LogOutputStream:75 - [STDERR_REDIRECT] Jun 21, 2024 11:40:32 AM java.util.prefs.FileSystemPreferences checkLockFile0ErrorCode
2024-06-21 11:40:32,495 [ERROR] LogOutputStream:75 - [STDERR_REDIRECT] WARNING: Could not lock System prefs. Unix error code 32531.
2024-06-21 11:40:32,495 [ERROR] LogOutputStream:75 - [STDERR_REDIRECT] 
2024-06-21 11:40:32,495 [ERROR] LogOutputStream:75 - [STDERR_REDIRECT] Jun 21, 2024 11:40:32 AM java.util.prefs.FileSystemPreferences syncWorld
2024-06-21 11:40:32,496 [ERROR] LogOutputStream:75 - [STDERR_REDIRECT] WARNING: Couldn't flush system prefs: java.util.prefs.BackingStoreException: Couldn't get file lock.
2024-06-21 11:40:32,496 [ERROR] LogOutputStream:75 - [STDERR_REDIRECT] 
2024-06-21 11:41:02,493 [ERROR] LogOutputStream:75 - [STDERR_REDIRECT] Jun 21, 2024 11:41:02 AM java.util.prefs.FileSystemPreferences checkLockFile0ErrorCode
2024-06-21 11:41:02,493 [ERROR] LogOutputStream:75 - [STDERR_REDIRECT] WARNING: Could not lock System prefs. Unix error code 32531.
2024-06-21 11:41:02,493 [ERROR] LogOutputStream:75 - [STDERR_REDIRECT] 
2024-06-21 11:41:02,494 [ERROR] LogOutputStream:75 - [STDERR_REDIRECT] Jun 21, 2024 11:41:02 AM java.util.prefs.FileSystemPreferences syncWorld
2024-06-21 11:41:02,494 [ERROR] LogOutputStream:75 - [STDERR_REDIRECT] WARNING: Couldn't flush system prefs: java.util.prefs.BackingStoreException: Couldn't get file lock.
2024-06-21 11:41:02,494 [ERROR] LogOutputStream:75 - [STDERR_REDIRECT] 
2024-06-21 11:41:32,505 [ERROR] LogOutputStream:75 - [STDERR_REDIRECT] Jun 21, 2024 11:41:32 AM java.util.prefs.FileSystemPreferences checkLockFile0ErrorCode
2024-06-21 11:41:32,505 [ERROR] LogOutputStream:75 - [STDERR_REDIRECT] WARNING: Could not lock System prefs. Unix error code 32531.
2024-06-21 11:41:32,505 [ERROR] LogOutputStream:75 - [STDERR_REDIRECT] 
2024-06-21 11:41:32,506 [ERROR] LogOutputStream:75 - [STDERR_REDIRECT] Jun 21, 2024 11:41:32 AM java.util.prefs.FileSystemPreferences syncWorld
2024-06-21 11:41:32,506 [ERROR] LogOutputStream:75 - [STDERR_REDIRECT] WARNING: Couldn't flush system prefs: java.util.prefs.BackingStoreException: Couldn't get file lock.
2024-06-21 11:41:32,506 [ERROR] LogOutputStream:75 - [STDERR_REDIRECT] 
2024-06-21 11:42:02,502 [ERROR] LogOutputStream:75 - [STDERR_REDIRECT] Jun 21, 2024 11:42:02 AM java.util.prefs.FileSystemPreferences checkLockFile0ErrorCode
2024-06-21 11:42:02,503 [ERROR] LogOutputStream:75 - [STDERR_REDIRECT] WARNING: Could not lock System prefs. Unix error code 32531.
2024-06-21 11:42:02,503 [ERROR] LogOutputStream:75 - [STDERR_REDIRECT] 
2024-06-21 11:42:02,503 [ERROR] LogOutputStream:75 - [STDERR_REDIRECT] Jun 21, 2024 11:42:02 AM java.util.prefs.FileSystemPreferences syncWorld
2024-06-21 11:42:02,503 [ERROR] LogOutputStream:75 - [STDERR_REDIRECT] WARNING: Couldn't flush system prefs: java.util.prefs.BackingStoreException: Couldn't get file lock.
2024-06-21 11:42:02,503 [ERROR] LogOutputStream:75 - [STDERR_REDIRECT] 
2024-06-21 11:42:32,500 [ERROR] LogOutputStream:75 - [STDERR_REDIRECT] Jun 21, 2024 11:42:32 AM java.util.prefs.FileSystemPreferences checkLockFile0ErrorCode
2024-06-21 11:42:32,501 [ERROR] LogOutputStream:75 - [STDERR_REDIRECT] WARNING: Could not lock System prefs. Unix error code 32531.
2024-06-21 11:42:32,501 [ERROR] LogOutputStream:75 - [STDERR_REDIRECT] 
2024-06-21 11:42:32,501 [ERROR] LogOutputStream:75 - [STDERR_REDIRECT] Jun 21, 2024 11:42:32 AM java.util.prefs.FileSystemPreferences syncWorld
2024-06-21 11:42:32,502 [ERROR] LogOutputStream:75 - [STDERR_REDIRECT] WARNING: Couldn't flush system prefs: java.util.prefs.BackingStoreException: Couldn't get file lock.
2024-06-21 11:42:32,502 [ERROR] LogOutputStream:75 - [STDERR_REDIRECT] 
2024-06-21 11:43:02,506 [ERROR] LogOutputStream:75 - [STDERR_REDIRECT] Jun 21, 2024 11:43:02 AM java.util.prefs.FileSystemPreferences checkLockFile0ErrorCode
2024-06-21 11:43:02,508 [ERROR] LogOutputStream:75 - [STDERR_REDIRECT] WARNING: Could not lock System prefs. Unix error code 32531.
2024-06-21 11:43:02,509 [ERROR] LogOutputStream:75 - [STDERR_REDIRECT] 
2024-06-21 11:43:02,511 [ERROR] LogOutputStream:75 - [STDERR_REDIRECT] Jun 21, 2024 11:43:02 AM java.util.prefs.FileSystemPreferences syncWorld
2024-06-21 11:43:02,511 [ERROR] LogOutputStream:75 - [STDERR_REDIRECT] WARNING: Couldn't flush system prefs: java.util.prefs.BackingStoreException: Couldn't get file lock.
2024-06-21 11:43:02,511 [ERROR] LogOutputStream:75 - [STDERR_REDIRECT] 
2024-06-21 11:43:32,504 [ERROR] LogOutputStream:75 - [STDERR_REDIRECT] Jun 21, 2024 11:43:32 AM java.util.prefs.FileSystemPreferences checkLockFile0ErrorCode
2024-06-21 11:43:32,505 [ERROR] LogOutputStream:75 - [STDERR_REDIRECT] WARNING: Could not lock System prefs. Unix error code 32531.
2024-06-21 11:43:32,505 [ERROR] LogOutputStream:75 - [STDERR_REDIRECT] 
2024-06-21 11:43:32,506 [ERROR] LogOutputStream:75 - [STDERR_REDIRECT] Jun 21, 2024 11:43:32 AM java.util.prefs.FileSystemPreferences syncWorld
2024-06-21 11:43:32,506 [ERROR] LogOutputStream:75 - [STDERR_REDIRECT] WARNING: Couldn't flush system prefs: java.util.prefs.BackingStoreException: Couldn't get file lock.
2024-06-21 11:43:32,506 [ERROR] LogOutputStream:75 - [STDERR_REDIRECT] 
2024-06-21 11:44:02,514 [ERROR] LogOutputStream:75 - [STDERR_REDIRECT] Jun 21, 2024 11:44:02 AM java.util.prefs.FileSystemPreferences checkLockFile0ErrorCode
2024-06-21 11:44:02,515 [ERROR] LogOutputStream:75 - [STDERR_REDIRECT] WARNING: Could not lock System prefs. Unix error code 32531.
2024-06-21 11:44:02,515 [ERROR] LogOutputStream:75 - [STDERR_REDIRECT] 
2024-06-21 11:44:02,515 [ERROR] LogOutputStream:75 - [STDERR_REDIRECT] Jun 21, 2024 11:44:02 AM java.util.prefs.FileSystemPreferences syncWorld
2024-06-21 11:44:02,515 [ERROR] LogOutputStream:75 - [STDERR_REDIRECT] WARNING: Couldn't flush system prefs: java.util.prefs.BackingStoreException: Couldn't get file lock.
2024-06-21 11:44:02,515 [ERROR] LogOutputStream:75 - [STDERR_REDIRECT] 
2024-06-21 11:44:32,506 [ERROR] LogOutputStream:75 - [STDERR_REDIRECT] Jun 21, 2024 11:44:32 AM java.util.prefs.FileSystemPreferences checkLockFile0ErrorCode
2024-06-21 11:44:32,507 [ERROR] LogOutputStream:75 - [STDERR_REDIRECT] WARNING: Could not lock System prefs. Unix error code 32531.
2024-06-21 11:44:32,507 [ERROR] LogOutputStream:75 - [STDERR_REDIRECT] 
2024-06-21 11:44:32,507 [ERROR] LogOutputStream:75 - [STDERR_REDIRECT] Jun 21, 2024 11:44:32 AM java.util.prefs.FileSystemPreferences syncWorld
2024-06-21 11:44:32,507 [ERROR] LogOutputStream:75 - [STDERR_REDIRECT] WARNING: Couldn't flush system prefs: java.util.prefs.BackingStoreException: Couldn't get file lock.
2024-06-21 11:44:32,507 [ERROR] LogOutputStream:75 - [STDERR_REDIRECT] 
2024-06-21 11:45:02,513 [ERROR] LogOutputStream:75 - [STDERR_REDIRECT] Jun 21, 2024 11:45:02 AM java.util.prefs.FileSystemPreferences checkLockFile0ErrorCode
2024-06-21 11:45:02,513 [ERROR] LogOutputStream:75 - [STDERR_REDIRECT] WARNING: Could not lock System prefs. Unix error code 32531.
2024-06-21 11:45:02,514 [ERROR] LogOutputStream:75 - [STDERR_REDIRECT] 
2024-06-21 11:45:02,514 [ERROR] LogOutputStream:75 - [STDERR_REDIRECT] Jun 21, 2024 11:45:02 AM java.util.prefs.FileSystemPreferences syncWorld
2024-06-21 11:45:02,514 [ERROR] LogOutputStream:75 - [STDERR_REDIRECT] WARNING: Couldn't flush system prefs: java.util.prefs.BackingStoreException: Couldn't get file lock.
2024-06-21 11:45:02,514 [ERROR] LogOutputStream:75 - [STDERR_REDIRECT] 
2024-06-21 11:45:32,510 [ERROR] LogOutputStream:75 - [STDERR_REDIRECT] Jun 21, 2024 11:45:32 AM java.util.prefs.FileSystemPreferences checkLockFile0ErrorCode
2024-06-21 11:45:32,511 [ERROR] LogOutputStream:75 - [STDERR_REDIRECT] WARNING: Could not lock System prefs. Unix error code 32531.
2024-06-21 11:45:32,511 [ERROR] LogOutputStream:75 - [STDERR_REDIRECT] 
2024-06-21 11:45:32,511 [ERROR] LogOutputStream:75 - [STDERR_REDIRECT] Jun 21, 2024 11:45:32 AM java.util.prefs.FileSystemPreferences syncWorld
2024-06-21 11:45:32,511 [ERROR] LogOutputStream:75 - [STDERR_REDIRECT] WARNING: Couldn't flush system prefs: java.util.prefs.BackingStoreException: Couldn't get file lock.
2024-06-21 11:45:32,511 [ERROR] LogOutputStream:75 - [STDERR_REDIRECT] 
2024-06-21 11:46:02,514 [ERROR] LogOutputStream:75 - [STDERR_REDIRECT] Jun 21, 2024 11:46:02 AM java.util.prefs.FileSystemPreferences checkLockFile0ErrorCode
2024-06-21 11:46:02,514 [ERROR] LogOutputStream:75 - [STDERR_REDIRECT] WARNING: Could not lock System prefs. Unix error code 32531.
2024-06-21 11:46:02,514 [ERROR] LogOutputStream:75 - [STDERR_REDIRECT] 
2024-06-21 11:46:02,515 [ERROR] LogOutputStream:75 - [STDERR_REDIRECT] Jun 21, 2024 11:46:02 AM java.util.prefs.FileSystemPreferences syncWorld
2024-06-21 11:46:02,515 [ERROR] LogOutputStream:75 - [STDERR_REDIRECT] WARNING: Couldn't flush system prefs: java.util.prefs.BackingStoreException: Couldn't get file lock.
2024-06-21 11:46:02,515 [ERROR] LogOutputStream:75 - [STDERR_REDIRECT] 
2024-06-21 11:46:32,509 [ERROR] LogOutputStream:75 - [STDERR_REDIRECT] Jun 21, 2024 11:46:32 AM java.util.prefs.FileSystemPreferences checkLockFile0ErrorCode
2024-06-21 11:46:32,510 [ERROR] LogOutputStream:75 - [STDERR_REDIRECT] WARNING: Could not lock System prefs. Unix error code 32531.
2024-06-21 11:46:32,510 [ERROR] LogOutputStream:75 - [STDERR_REDIRECT] 
2024-06-21 11:46:32,511 [ERROR] LogOutputStream:75 - [STDERR_REDIRECT] Jun 21, 2024 11:46:32 AM java.util.prefs.FileSystemPreferences syncWorld
2024-06-21 11:46:32,511 [ERROR] LogOutputStream:75 - [STDERR_REDIRECT] WARNING: Couldn't flush system prefs: java.util.prefs.BackingStoreException: Couldn't get file lock.
2024-06-21 11:46:32,511 [ERROR] LogOutputStream:75 - [STDERR_REDIRECT] 
2024-06-21 11:47:02,525 [ERROR] LogOutputStream:75 - [STDERR_REDIRECT] Jun 21, 2024 11:47:02 AM java.util.prefs.FileSystemPreferences checkLockFile0ErrorCode
2024-06-21 11:47:02,525 [ERROR] LogOutputStream:75 - [STDERR_REDIRECT] WARNING: Could not lock System prefs. Unix error code 32531.
2024-06-21 11:47:02,525 [ERROR] LogOutputStream:75 - [STDERR_REDIRECT] 
2024-06-21 11:47:02,525 [ERROR] LogOutputStream:75 - [STDERR_REDIRECT] Jun 21, 2024 11:47:02 AM java.util.prefs.FileSystemPreferences syncWorld
2024-06-21 11:47:02,526 [ERROR] LogOutputStream:75 - [STDERR_REDIRECT] WARNING: Couldn't flush system prefs: java.util.prefs.BackingStoreException: Couldn't get file lock.
2024-06-21 11:47:02,526 [ERROR] LogOutputStream:75 - [STDERR_REDIRECT] 
2024-06-21 11:47:32,516 [ERROR] LogOutputStream:75 - [STDERR_REDIRECT] Jun 21, 2024 11:47:32 AM java.util.prefs.FileSystemPreferences checkLockFile0ErrorCode
2024-06-21 11:47:32,517 [ERROR] LogOutputStream:75 - [STDERR_REDIRECT] WARNING: Could not lock System prefs. Unix error code 32531.
2024-06-21 11:47:32,517 [ERROR] LogOutputStream:75 - [STDERR_REDIRECT] 
2024-06-21 11:47:32,517 [ERROR] LogOutputStream:75 - [STDERR_REDIRECT] Jun 21, 2024 11:47:32 AM java.util.prefs.FileSystemPreferences syncWorld
2024-06-21 11:47:32,517 [ERROR] LogOutputStream:75 - [STDERR_REDIRECT] WARNING: Couldn't flush system prefs: java.util.prefs.BackingStoreException: Couldn't get file lock.
2024-06-21 11:47:32,517 [ERROR] LogOutputStream:75 - [STDERR_REDIRECT] 
2024-06-21 11:48:02,522 [ERROR] LogOutputStream:75 - [STDERR_REDIRECT] Jun 21, 2024 11:48:02 AM java.util.prefs.FileSystemPreferences checkLockFile0ErrorCode
2024-06-21 11:48:02,522 [ERROR] LogOutputStream:75 - [STDERR_REDIRECT] WARNING: Could not lock System prefs. Unix error code 32531.
2024-06-21 11:48:02,522 [ERROR] LogOutputStream:75 - [STDERR_REDIRECT] 
2024-06-21 11:48:02,522 [ERROR] LogOutputStream:75 - [STDERR_REDIRECT] Jun 21, 2024 11:48:02 AM java.util.prefs.FileSystemPreferences syncWorld
2024-06-21 11:48:02,522 [ERROR] LogOutputStream:75 - [STDERR_REDIRECT] WARNING: Couldn't flush system prefs: java.util.prefs.BackingStoreException: Couldn't get file lock.
2024-06-21 11:48:02,522 [ERROR] LogOutputStream:75 - [STDERR_REDIRECT] 
2024-06-21 11:48:32,520 [ERROR] LogOutputStream:75 - [STDERR_REDIRECT] Jun 21, 2024 11:48:32 AM java.util.prefs.FileSystemPreferences checkLockFile0ErrorCode
2024-06-21 11:48:32,521 [ERROR] LogOutputStream:75 - [STDERR_REDIRECT] WARNING: Could not lock System prefs. Unix error code 32531.
2024-06-21 11:48:32,521 [ERROR] LogOutputStream:75 - [STDERR_REDIRECT] 
2024-06-21 11:48:32,521 [ERROR] LogOutputStream:75 - [STDERR_REDIRECT] Jun 21, 2024 11:48:32 AM java.util.prefs.FileSystemPreferences syncWorld
2024-06-21 11:48:32,521 [ERROR] LogOutputStream:75 - [STDERR_REDIRECT] WARNING: Couldn't flush system prefs: java.util.prefs.BackingStoreException: Couldn't get file lock.
2024-06-21 11:48:32,521 [ERROR] LogOutputStream:75 - [STDERR_REDIRECT] 
2024-06-21 11:49:02,524 [ERROR] LogOutputStream:75 - [STDERR_REDIRECT] Jun 21, 2024 11:49:02 AM java.util.prefs.FileSystemPreferences checkLockFile0ErrorCode
2024-06-21 11:49:02,525 [ERROR] LogOutputStream:75 - [STDERR_REDIRECT] WARNING: Could not lock System prefs. Unix error code 32531.
2024-06-21 11:49:02,525 [ERROR] LogOutputStream:75 - [STDERR_REDIRECT] 
2024-06-21 11:49:02,525 [ERROR] LogOutputStream:75 - [STDERR_REDIRECT] Jun 21, 2024 11:49:02 AM java.util.prefs.FileSystemPreferences syncWorld
2024-06-21 11:49:02,525 [ERROR] LogOutputStream:75 - [STDERR_REDIRECT] WARNING: Couldn't flush system prefs: java.util.prefs.BackingStoreException: Couldn't get file lock.
2024-06-21 11:49:02,525 [ERROR] LogOutputStream:75 - [STDERR_REDIRECT] 
2024-06-21 11:49:32,521 [ERROR] LogOutputStream:75 - [STDERR_REDIRECT] Jun 21, 2024 11:49:32 AM java.util.prefs.FileSystemPreferences checkLockFile0ErrorCode
2024-06-21 11:49:32,521 [ERROR] LogOutputStream:75 - [STDERR_REDIRECT] WARNING: Could not lock System prefs. Unix error code 32531.
2024-06-21 11:49:32,521 [ERROR] LogOutputStream:75 - [STDERR_REDIRECT] 
2024-06-21 11:49:32,521 [ERROR] LogOutputStream:75 - [STDERR_REDIRECT] Jun 21, 2024 11:49:32 AM java.util.prefs.FileSystemPreferences syncWorld
2024-06-21 11:49:32,522 [ERROR] LogOutputStream:75 - [STDERR_REDIRECT] WARNING: Couldn't flush system prefs: java.util.prefs.BackingStoreException: Couldn't get file lock.
2024-06-21 11:49:32,522 [ERROR] LogOutputStream:75 - [STDERR_REDIRECT] 
2024-06-21 11:50:02,532 [ERROR] LogOutputStream:75 - [STDERR_REDIRECT] Jun 21, 2024 11:50:02 AM java.util.prefs.FileSystemPreferences checkLockFile0ErrorCode
2024-06-21 11:50:02,533 [ERROR] LogOutputStream:75 - [STDERR_REDIRECT] WARNING: Could not lock System prefs. Unix error code 32531.
2024-06-21 11:50:02,533 [ERROR] LogOutputStream:75 - [STDERR_REDIRECT] 
2024-06-21 11:50:02,533 [ERROR] LogOutputStream:75 - [STDERR_REDIRECT] Jun 21, 2024 11:50:02 AM java.util.prefs.FileSystemPreferences syncWorld
2024-06-21 11:50:02,533 [ERROR] LogOutputStream:75 - [STDERR_REDIRECT] WARNING: Couldn't flush system prefs: java.util.prefs.BackingStoreException: Couldn't get file lock.
2024-06-21 11:50:02,533 [ERROR] LogOutputStream:75 - [STDERR_REDIRECT] 
2024-06-21 11:50:32,525 [ERROR] LogOutputStream:75 - [STDERR_REDIRECT] Jun 21, 2024 11:50:32 AM java.util.prefs.FileSystemPreferences checkLockFile0ErrorCode
2024-06-21 11:50:32,525 [ERROR] LogOutputStream:75 - [STDERR_REDIRECT] WARNING: Could not lock System prefs. Unix error code 32531.
2024-06-21 11:50:32,525 [ERROR] LogOutputStream:75 - [STDERR_REDIRECT] 
2024-06-21 11:50:32,525 [ERROR] LogOutputStream:75 - [STDERR_REDIRECT] Jun 21, 2024 11:50:32 AM java.util.prefs.FileSystemPreferences syncWorld
2024-06-21 11:50:32,526 [ERROR] LogOutputStream:75 - [STDERR_REDIRECT] WARNING: Couldn't flush system prefs: java.util.prefs.BackingStoreException: Couldn't get file lock.
2024-06-21 11:50:32,526 [ERROR] LogOutputStream:75 - [STDERR_REDIRECT] 
2024-06-21 11:51:02,533 [ERROR] LogOutputStream:75 - [STDERR_REDIRECT] Jun 21, 2024 11:51:02 AM java.util.prefs.FileSystemPreferences checkLockFile0ErrorCode
2024-06-21 11:51:02,533 [ERROR] LogOutputStream:75 - [STDERR_REDIRECT] WARNING: Could not lock System prefs. Unix error code 32531.
2024-06-21 11:51:02,533 [ERROR] LogOutputStream:75 - [STDERR_REDIRECT] 
2024-06-21 11:51:02,533 [ERROR] LogOutputStream:75 - [STDERR_REDIRECT] Jun 21, 2024 11:51:02 AM java.util.prefs.FileSystemPreferences syncWorld
2024-06-21 11:51:02,534 [ERROR] LogOutputStream:75 - [STDERR_REDIRECT] WARNING: Couldn't flush system prefs: java.util.prefs.BackingStoreException: Couldn't get file lock.
2024-06-21 11:51:02,534 [ERROR] LogOutputStream:75 - [STDERR_REDIRECT] 
2024-06-21 11:51:32,530 [ERROR] LogOutputStream:75 - [STDERR_REDIRECT] Jun 21, 2024 11:51:32 AM java.util.prefs.FileSystemPreferences checkLockFile0ErrorCode
2024-06-21 11:51:32,530 [ERROR] LogOutputStream:75 - [STDERR_REDIRECT] WARNING: Could not lock System prefs. Unix error code 32531.
2024-06-21 11:51:32,530 [ERROR] LogOutputStream:75 - [STDERR_REDIRECT] 
2024-06-21 11:51:32,530 [ERROR] LogOutputStream:75 - [STDERR_REDIRECT] Jun 21, 2024 11:51:32 AM java.util.prefs.FileSystemPreferences syncWorld
2024-06-21 11:51:32,531 [ERROR] LogOutputStream:75 - [STDERR_REDIRECT] WARNING: Couldn't flush system prefs: java.util.prefs.BackingStoreException: Couldn't get file lock.
2024-06-21 11:51:32,531 [ERROR] LogOutputStream:75 - [STDERR_REDIRECT] 
2024-06-21 11:52:02,529 [ERROR] LogOutputStream:75 - [STDERR_REDIRECT] Jun 21, 2024 11:52:02 AM java.util.prefs.FileSystemPreferences checkLockFile0ErrorCode
2024-06-21 11:52:02,530 [ERROR] LogOutputStream:75 - [STDERR_REDIRECT] WARNING: Could not lock System prefs. Unix error code 32531.
2024-06-21 11:52:02,530 [ERROR] LogOutputStream:75 - [STDERR_REDIRECT] 
2024-06-21 11:52:02,530 [ERROR] LogOutputStream:75 - [STDERR_REDIRECT] Jun 21, 2024 11:52:02 AM java.util.prefs.FileSystemPreferences syncWorld
2024-06-21 11:52:02,530 [ERROR] LogOutputStream:75 - [STDERR_REDIRECT] WARNING: Couldn't flush system prefs: java.util.prefs.BackingStoreException: Couldn't get file lock.
2024-06-21 11:52:02,530 [ERROR] LogOutputStream:75 - [STDERR_REDIRECT] 
2024-06-21 11:52:32,531 [ERROR] LogOutputStream:75 - [STDERR_REDIRECT] Jun 21, 2024 11:52:32 AM java.util.prefs.FileSystemPreferences checkLockFile0ErrorCode
2024-06-21 11:52:32,531 [ERROR] LogOutputStream:75 - [STDERR_REDIRECT] WARNING: Could not lock System prefs. Unix error code 32531.
2024-06-21 11:52:32,532 [ERROR] LogOutputStream:75 - [STDERR_REDIRECT] 
2024-06-21 11:52:32,532 [ERROR] LogOutputStream:75 - [STDERR_REDIRECT] Jun 21, 2024 11:52:32 AM java.util.prefs.FileSystemPreferences syncWorld
2024-06-21 11:52:32,532 [ERROR] LogOutputStream:75 - [STDERR_REDIRECT] WARNING: Couldn't flush system prefs: java.util.prefs.BackingStoreException: Couldn't get file lock.
2024-06-21 11:52:32,532 [ERROR] LogOutputStream:75 - [STDERR_REDIRECT] 
2024-06-21 11:53:02,539 [ERROR] LogOutputStream:75 - [STDERR_REDIRECT] Jun 21, 2024 11:53:02 AM java.util.prefs.FileSystemPreferences checkLockFile0ErrorCode
2024-06-21 11:53:02,539 [ERROR] LogOutputStream:75 - [STDERR_REDIRECT] WARNING: Could not lock System prefs. Unix error code 32531.
2024-06-21 11:53:02,539 [ERROR] LogOutputStream:75 - [STDERR_REDIRECT] 
2024-06-21 11:53:02,540 [ERROR] LogOutputStream:75 - [STDERR_REDIRECT] Jun 21, 2024 11:53:02 AM java.util.prefs.FileSystemPreferences syncWorld
2024-06-21 11:53:02,540 [ERROR] LogOutputStream:75 - [STDERR_REDIRECT] WARNING: Couldn't flush system prefs: java.util.prefs.BackingStoreException: Couldn't get file lock.
2024-06-21 11:53:02,540 [ERROR] LogOutputStream:75 - [STDERR_REDIRECT] 
2024-06-21 11:53:32,531 [ERROR] LogOutputStream:75 - [STDERR_REDIRECT] Jun 21, 2024 11:53:32 AM java.util.prefs.FileSystemPreferences checkLockFile0ErrorCode
2024-06-21 11:53:32,532 [ERROR] LogOutputStream:75 - [STDERR_REDIRECT] WARNING: Could not lock System prefs. Unix error code 32531.
2024-06-21 11:53:32,532 [ERROR] LogOutputStream:75 - [STDERR_REDIRECT] 
2024-06-21 11:53:32,532 [ERROR] LogOutputStream:75 - [STDERR_REDIRECT] Jun 21, 2024 11:53:32 AM java.util.prefs.FileSystemPreferences syncWorld
2024-06-21 11:53:32,532 [ERROR] LogOutputStream:75 - [STDERR_REDIRECT] WARNING: Couldn't flush system prefs: java.util.prefs.BackingStoreException: Couldn't get file lock.
2024-06-21 11:53:32,532 [ERROR] LogOutputStream:75 - [STDERR_REDIRECT] 
2024-06-21 11:54:02,555 [ERROR] LogOutputStream:75 - [STDERR_REDIRECT] Jun 21, 2024 11:54:02 AM java.util.prefs.FileSystemPreferences checkLockFile0ErrorCode
2024-06-21 11:54:02,556 [ERROR] LogOutputStream:75 - [STDERR_REDIRECT] WARNING: Could not lock System prefs. Unix error code 32531.
2024-06-21 11:54:02,556 [ERROR] LogOutputStream:75 - [STDERR_REDIRECT] 
2024-06-21 11:54:02,556 [ERROR] LogOutputStream:75 - [STDERR_REDIRECT] Jun 21, 2024 11:54:02 AM java.util.prefs.FileSystemPreferences syncWorld
2024-06-21 11:54:02,556 [ERROR] LogOutputStream:75 - [STDERR_REDIRECT] WARNING: Couldn't flush system prefs: java.util.prefs.BackingStoreException: Couldn't get file lock.
2024-06-21 11:54:02,556 [ERROR] LogOutputStream:75 - [STDERR_REDIRECT] 
2024-06-21 11:54:32,565 [ERROR] LogOutputStream:75 - [STDERR_REDIRECT] Jun 21, 2024 11:54:32 AM java.util.prefs.FileSystemPreferences checkLockFile0ErrorCode
2024-06-21 11:54:32,565 [ERROR] LogOutputStream:75 - [STDERR_REDIRECT] WARNING: Could not lock System prefs. Unix error code -785992591.
2024-06-21 11:54:32,565 [ERROR] LogOutputStream:75 - [STDERR_REDIRECT] 
2024-06-21 11:54:32,565 [ERROR] LogOutputStream:75 - [STDERR_REDIRECT] Jun 21, 2024 11:54:32 AM java.util.prefs.FileSystemPreferences syncWorld
2024-06-21 11:54:32,565 [ERROR] LogOutputStream:75 - [STDERR_REDIRECT] WARNING: Couldn't flush system prefs: java.util.prefs.BackingStoreException: Couldn't get file lock.
2024-06-21 11:54:32,565 [ERROR] LogOutputStream:75 - [STDERR_REDIRECT] 
2024-06-21 11:55:02,556 [ERROR] LogOutputStream:75 - [STDERR_REDIRECT] Jun 21, 2024 11:55:02 AM java.util.prefs.FileSystemPreferences checkLockFile0ErrorCode
2024-06-21 11:55:02,556 [ERROR] LogOutputStream:75 - [STDERR_REDIRECT] WARNING: Could not lock System prefs. Unix error code -785992591.
2024-06-21 11:55:02,556 [ERROR] LogOutputStream:75 - [STDERR_REDIRECT] 
2024-06-21 11:55:02,557 [ERROR] LogOutputStream:75 - [STDERR_REDIRECT] Jun 21, 2024 11:55:02 AM java.util.prefs.FileSystemPreferences syncWorld
2024-06-21 11:55:02,557 [ERROR] LogOutputStream:75 - [STDERR_REDIRECT] WARNING: Couldn't flush system prefs: java.util.prefs.BackingStoreException: Couldn't get file lock.
2024-06-21 11:55:02,557 [ERROR] LogOutputStream:75 - [STDERR_REDIRECT] 
2024-06-21 11:55:32,562 [ERROR] LogOutputStream:75 - [STDERR_REDIRECT] Jun 21, 2024 11:55:32 AM java.util.prefs.FileSystemPreferences checkLockFile0ErrorCode
2024-06-21 11:55:32,562 [ERROR] LogOutputStream:75 - [STDERR_REDIRECT] WARNING: Could not lock System prefs. Unix error code -785992591.
2024-06-21 11:55:32,562 [ERROR] LogOutputStream:75 - [STDERR_REDIRECT] 
2024-06-21 11:55:32,562 [ERROR] LogOutputStream:75 - [STDERR_REDIRECT] Jun 21, 2024 11:55:32 AM java.util.prefs.FileSystemPreferences syncWorld
2024-06-21 11:55:32,563 [ERROR] LogOutputStream:75 - [STDERR_REDIRECT] WARNING: Couldn't flush system prefs: java.util.prefs.BackingStoreException: Couldn't get file lock.
2024-06-21 11:55:32,563 [ERROR] LogOutputStream:75 - [STDERR_REDIRECT] 
2024-06-21 11:56:02,563 [ERROR] LogOutputStream:75 - [STDERR_REDIRECT] Jun 21, 2024 11:56:02 AM java.util.prefs.FileSystemPreferences checkLockFile0ErrorCode
2024-06-21 11:56:02,563 [ERROR] LogOutputStream:75 - [STDERR_REDIRECT] WARNING: Could not lock System prefs. Unix error code -785992591.
2024-06-21 11:56:02,563 [ERROR] LogOutputStream:75 - [STDERR_REDIRECT] 
2024-06-21 11:56:02,564 [ERROR] LogOutputStream:75 - [STDERR_REDIRECT] Jun 21, 2024 11:56:02 AM java.util.prefs.FileSystemPreferences syncWorld
2024-06-21 11:56:02,564 [ERROR] LogOutputStream:75 - [STDERR_REDIRECT] WARNING: Couldn't flush system prefs: java.util.prefs.BackingStoreException: Couldn't get file lock.
2024-06-21 11:56:02,564 [ERROR] LogOutputStream:75 - [STDERR_REDIRECT] 
2024-06-21 11:56:32,585 [ERROR] LogOutputStream:75 - [STDERR_REDIRECT] Jun 21, 2024 11:56:32 AM java.util.prefs.FileSystemPreferences checkLockFile0ErrorCode
2024-06-21 11:56:32,585 [ERROR] LogOutputStream:75 - [STDERR_REDIRECT] WARNING: Could not lock System prefs. Unix error code -785992591.
2024-06-21 11:56:32,585 [ERROR] LogOutputStream:75 - [STDERR_REDIRECT] 
2024-06-21 11:56:32,585 [ERROR] LogOutputStream:75 - [STDERR_REDIRECT] Jun 21, 2024 11:56:32 AM java.util.prefs.FileSystemPreferences syncWorld
2024-06-21 11:56:32,585 [ERROR] LogOutputStream:75 - [STDERR_REDIRECT] WARNING: Couldn't flush system prefs: java.util.prefs.BackingStoreException: Couldn't get file lock.
2024-06-21 11:56:32,585 [ERROR] LogOutputStream:75 - [STDERR_REDIRECT] 
2024-06-21 11:57:02,573 [ERROR] LogOutputStream:75 - [STDERR_REDIRECT] Jun 21, 2024 11:57:02 AM java.util.prefs.FileSystemPreferences checkLockFile0ErrorCode
2024-06-21 11:57:02,573 [ERROR] LogOutputStream:75 - [STDERR_REDIRECT] WARNING: Could not lock System prefs. Unix error code -785992591.
2024-06-21 11:57:02,573 [ERROR] LogOutputStream:75 - [STDERR_REDIRECT] 
2024-06-21 11:57:02,573 [ERROR] LogOutputStream:75 - [STDERR_REDIRECT] Jun 21, 2024 11:57:02 AM java.util.prefs.FileSystemPreferences syncWorld
2024-06-21 11:57:02,574 [ERROR] LogOutputStream:75 - [STDERR_REDIRECT] WARNING: Couldn't flush system prefs: java.util.prefs.BackingStoreException: Couldn't get file lock.
2024-06-21 11:57:02,574 [ERROR] LogOutputStream:75 - [STDERR_REDIRECT] 
2024-06-21 11:57:32,565 [ERROR] LogOutputStream:75 - [STDERR_REDIRECT] Jun 21, 2024 11:57:32 AM java.util.prefs.FileSystemPreferences checkLockFile0ErrorCode
2024-06-21 11:57:32,565 [ERROR] LogOutputStream:75 - [STDERR_REDIRECT] WARNING: Could not lock System prefs. Unix error code -785992591.
2024-06-21 11:57:32,565 [ERROR] LogOutputStream:75 - [STDERR_REDIRECT] 
2024-06-21 11:57:32,565 [ERROR] LogOutputStream:75 - [STDERR_REDIRECT] Jun 21, 2024 11:57:32 AM java.util.prefs.FileSystemPreferences syncWorld
2024-06-21 11:57:32,565 [ERROR] LogOutputStream:75 - [STDERR_REDIRECT] WARNING: Couldn't flush system prefs: java.util.prefs.BackingStoreException: Couldn't get file lock.
2024-06-21 11:57:32,565 [ERROR] LogOutputStream:75 - [STDERR_REDIRECT] 
2024-06-21 11:58:02,566 [ERROR] LogOutputStream:75 - [STDERR_REDIRECT] Jun 21, 2024 11:58:02 AM java.util.prefs.FileSystemPreferences checkLockFile0ErrorCode
2024-06-21 11:58:02,566 [ERROR] LogOutputStream:75 - [STDERR_REDIRECT] WARNING: Could not lock System prefs. Unix error code -785992591.
2024-06-21 11:58:02,566 [ERROR] LogOutputStream:75 - [STDERR_REDIRECT] 
2024-06-21 11:58:02,566 [ERROR] LogOutputStream:75 - [STDERR_REDIRECT] Jun 21, 2024 11:58:02 AM java.util.prefs.FileSystemPreferences syncWorld
2024-06-21 11:58:02,567 [ERROR] LogOutputStream:75 - [STDERR_REDIRECT] WARNING: Couldn't flush system prefs: java.util.prefs.BackingStoreException: Couldn't get file lock.
2024-06-21 11:58:02,567 [ERROR] LogOutputStream:75 - [STDERR_REDIRECT] 
2024-06-21 11:58:32,569 [ERROR] LogOutputStream:75 - [STDERR_REDIRECT] Jun 21, 2024 11:58:32 AM java.util.prefs.FileSystemPreferences checkLockFile0ErrorCode
2024-06-21 11:58:32,570 [ERROR] LogOutputStream:75 - [STDERR_REDIRECT] WARNING: Could not lock System prefs. Unix error code -785992591.
2024-06-21 11:58:32,570 [ERROR] LogOutputStream:75 - [STDERR_REDIRECT] 
2024-06-21 11:58:32,570 [ERROR] LogOutputStream:75 - [STDERR_REDIRECT] Jun 21, 2024 11:58:32 AM java.util.prefs.FileSystemPreferences syncWorld
2024-06-21 11:58:32,570 [ERROR] LogOutputStream:75 - [STDERR_REDIRECT] WARNING: Couldn't flush system prefs: java.util.prefs.BackingStoreException: Couldn't get file lock.
2024-06-21 11:58:32,570 [ERROR] LogOutputStream:75 - [STDERR_REDIRECT] 
2024-06-21 11:59:02,581 [ERROR] LogOutputStream:75 - [STDERR_REDIRECT] Jun 21, 2024 11:59:02 AM java.util.prefs.FileSystemPreferences checkLockFile0ErrorCode
2024-06-21 11:59:02,582 [ERROR] LogOutputStream:75 - [STDERR_REDIRECT] WARNING: Could not lock System prefs. Unix error code -785992591.
2024-06-21 11:59:02,582 [ERROR] LogOutputStream:75 - [STDERR_REDIRECT] 
2024-06-21 11:59:02,582 [ERROR] LogOutputStream:75 - [STDERR_REDIRECT] Jun 21, 2024 11:59:02 AM java.util.prefs.FileSystemPreferences syncWorld
2024-06-21 11:59:02,582 [ERROR] LogOutputStream:75 - [STDERR_REDIRECT] WARNING: Couldn't flush system prefs: java.util.prefs.BackingStoreException: Couldn't get file lock.
2024-06-21 11:59:02,582 [ERROR] LogOutputStream:75 - [STDERR_REDIRECT] 
2024-06-21 11:59:32,581 [ERROR] LogOutputStream:75 - [STDERR_REDIRECT] Jun 21, 2024 11:59:32 AM java.util.prefs.FileSystemPreferences checkLockFile0ErrorCode
2024-06-21 11:59:32,581 [ERROR] LogOutputStream:75 - [STDERR_REDIRECT] WARNING: Could not lock System prefs. Unix error code 0.
2024-06-21 11:59:32,581 [ERROR] LogOutputStream:75 - [STDERR_REDIRECT] 
2024-06-21 11:59:32,582 [ERROR] LogOutputStream:75 - [STDERR_REDIRECT] Jun 21, 2024 11:59:32 AM java.util.prefs.FileSystemPreferences syncWorld
2024-06-21 11:59:32,582 [ERROR] LogOutputStream:75 - [STDERR_REDIRECT] WARNING: Couldn't flush system prefs: java.util.prefs.BackingStoreException: Couldn't get file lock.
2024-06-21 11:59:32,582 [ERROR] LogOutputStream:75 - [STDERR_REDIRECT] 
2024-06-21 12:00:02,575 [ERROR] LogOutputStream:75 - [STDERR_REDIRECT] Jun 21, 2024 12:00:02 PM java.util.prefs.FileSystemPreferences checkLockFile0ErrorCode
2024-06-21 12:00:02,575 [ERROR] LogOutputStream:75 - [STDERR_REDIRECT] WARNING: Could not lock System prefs. Unix error code -785992591.
2024-06-21 12:00:02,575 [ERROR] LogOutputStream:75 - [STDERR_REDIRECT] 
2024-06-21 12:00:02,575 [ERROR] LogOutputStream:75 - [STDERR_REDIRECT] Jun 21, 2024 12:00:02 PM java.util.prefs.FileSystemPreferences syncWorld
2024-06-21 12:00:02,575 [ERROR] LogOutputStream:75 - [STDERR_REDIRECT] WARNING: Couldn't flush system prefs: java.util.prefs.BackingStoreException: Couldn't get file lock.
2024-06-21 12:00:02,575 [ERROR] LogOutputStream:75 - [STDERR_REDIRECT] 
2024-06-21 12:00:32,585 [ERROR] LogOutputStream:75 - [STDERR_REDIRECT] Jun 21, 2024 12:00:32 PM java.util.prefs.FileSystemPreferences checkLockFile0ErrorCode
2024-06-21 12:00:32,585 [ERROR] LogOutputStream:75 - [STDERR_REDIRECT] WARNING: Could not lock System prefs. Unix error code -785992591.
2024-06-21 12:00:32,585 [ERROR] LogOutputStream:75 - [STDERR_REDIRECT] 
2024-06-21 12:00:32,586 [ERROR] LogOutputStream:75 - [STDERR_REDIRECT] Jun 21, 2024 12:00:32 PM java.util.prefs.FileSystemPreferences syncWorld
2024-06-21 12:00:32,586 [ERROR] LogOutputStream:75 - [STDERR_REDIRECT] WARNING: Couldn't flush system prefs: java.util.prefs.BackingStoreException: Couldn't get file lock.
2024-06-21 12:00:32,586 [ERROR] LogOutputStream:75 - [STDERR_REDIRECT] 
2024-06-21 12:01:02,583 [ERROR] LogOutputStream:75 - [STDERR_REDIRECT] Jun 21, 2024 12:01:02 PM java.util.prefs.FileSystemPreferences checkLockFile0ErrorCode
2024-06-21 12:01:02,583 [ERROR] LogOutputStream:75 - [STDERR_REDIRECT] WARNING: Could not lock System prefs. Unix error code -785992591.
2024-06-21 12:01:02,583 [ERROR] LogOutputStream:75 - [STDERR_REDIRECT] 
2024-06-21 12:01:02,584 [ERROR] LogOutputStream:75 - [STDERR_REDIRECT] Jun 21, 2024 12:01:02 PM java.util.prefs.FileSystemPreferences syncWorld
2024-06-21 12:01:02,584 [ERROR] LogOutputStream:75 - [STDERR_REDIRECT] WARNING: Couldn't flush system prefs: java.util.prefs.BackingStoreException: Couldn't get file lock.
2024-06-21 12:01:02,584 [ERROR] LogOutputStream:75 - [STDERR_REDIRECT] 
2024-06-21 12:01:32,584 [ERROR] LogOutputStream:75 - [STDERR_REDIRECT] Jun 21, 2024 12:01:32 PM java.util.prefs.FileSystemPreferences checkLockFile0ErrorCode
2024-06-21 12:01:32,584 [ERROR] LogOutputStream:75 - [STDERR_REDIRECT] WARNING: Could not lock System prefs. Unix error code -785992591.
2024-06-21 12:01:32,584 [ERROR] LogOutputStream:75 - [STDERR_REDIRECT] 
2024-06-21 12:01:32,585 [ERROR] LogOutputStream:75 - [STDERR_REDIRECT] Jun 21, 2024 12:01:32 PM java.util.prefs.FileSystemPreferences syncWorld
2024-06-21 12:01:32,585 [ERROR] LogOutputStream:75 - [STDERR_REDIRECT] WARNING: Couldn't flush system prefs: java.util.prefs.BackingStoreException: Couldn't get file lock.
2024-06-21 12:01:32,585 [ERROR] LogOutputStream:75 - [STDERR_REDIRECT] 
2024-06-21 12:02:02,589 [ERROR] LogOutputStream:75 - [STDERR_REDIRECT] Jun 21, 2024 12:02:02 PM java.util.prefs.FileSystemPreferences checkLockFile0ErrorCode
2024-06-21 12:02:02,589 [ERROR] LogOutputStream:75 - [STDERR_REDIRECT] WARNING: Could not lock System prefs. Unix error code -785992591.
2024-06-21 12:02:02,590 [ERROR] LogOutputStream:75 - [STDERR_REDIRECT] 
2024-06-21 12:02:02,590 [ERROR] LogOutputStream:75 - [STDERR_REDIRECT] Jun 21, 2024 12:02:02 PM java.util.prefs.FileSystemPreferences syncWorld
2024-06-21 12:02:02,590 [ERROR] LogOutputStream:75 - [STDERR_REDIRECT] WARNING: Couldn't flush system prefs: java.util.prefs.BackingStoreException: Couldn't get file lock.
2024-06-21 12:02:02,590 [ERROR] LogOutputStream:75 - [STDERR_REDIRECT] 
2024-06-21 12:02:32,586 [ERROR] LogOutputStream:75 - [STDERR_REDIRECT] Jun 21, 2024 12:02:32 PM java.util.prefs.FileSystemPreferences checkLockFile0ErrorCode
2024-06-21 12:02:32,586 [ERROR] LogOutputStream:75 - [STDERR_REDIRECT] WARNING: Could not lock System prefs. Unix error code -785992591.
2024-06-21 12:02:32,586 [ERROR] LogOutputStream:75 - [STDERR_REDIRECT] 
2024-06-21 12:02:32,587 [ERROR] LogOutputStream:75 - [STDERR_REDIRECT] Jun 21, 2024 12:02:32 PM java.util.prefs.FileSystemPreferences syncWorld
2024-06-21 12:02:32,587 [ERROR] LogOutputStream:75 - [STDERR_REDIRECT] WARNING: Couldn't flush system prefs: java.util.prefs.BackingStoreException: Couldn't get file lock.
2024-06-21 12:02:32,587 [ERROR] LogOutputStream:75 - [STDERR_REDIRECT] 
2024-06-21 12:03:02,594 [ERROR] LogOutputStream:75 - [STDERR_REDIRECT] Jun 21, 2024 12:03:02 PM java.util.prefs.FileSystemPreferences checkLockFile0ErrorCode
2024-06-21 12:03:02,595 [ERROR] LogOutputStream:75 - [STDERR_REDIRECT] WARNING: Could not lock System prefs. Unix error code -785992591.
2024-06-21 12:03:02,595 [ERROR] LogOutputStream:75 - [STDERR_REDIRECT] 
2024-06-21 12:03:02,595 [ERROR] LogOutputStream:75 - [STDERR_REDIRECT] Jun 21, 2024 12:03:02 PM java.util.prefs.FileSystemPreferences syncWorld
2024-06-21 12:03:02,595 [ERROR] LogOutputStream:75 - [STDERR_REDIRECT] WARNING: Couldn't flush system prefs: java.util.prefs.BackingStoreException: Couldn't get file lock.
2024-06-21 12:03:02,596 [ERROR] LogOutputStream:75 - [STDERR_REDIRECT] 
2024-06-21 12:03:32,589 [ERROR] LogOutputStream:75 - [STDERR_REDIRECT] Jun 21, 2024 12:03:32 PM java.util.prefs.FileSystemPreferences checkLockFile0ErrorCode
2024-06-21 12:03:32,589 [ERROR] LogOutputStream:75 - [STDERR_REDIRECT] WARNING: Could not lock System prefs. Unix error code -785992591.
2024-06-21 12:03:32,589 [ERROR] LogOutputStream:75 - [STDERR_REDIRECT] 
2024-06-21 12:03:32,589 [ERROR] LogOutputStream:75 - [STDERR_REDIRECT] Jun 21, 2024 12:03:32 PM java.util.prefs.FileSystemPreferences syncWorld
2024-06-21 12:03:32,589 [ERROR] LogOutputStream:75 - [STDERR_REDIRECT] WARNING: Couldn't flush system prefs: java.util.prefs.BackingStoreException: Couldn't get file lock.
2024-06-21 12:03:32,589 [ERROR] LogOutputStream:75 - [STDERR_REDIRECT] 
2024-06-21 12:04:02,588 [ERROR] LogOutputStream:75 - [STDERR_REDIRECT] Jun 21, 2024 12:04:02 PM java.util.prefs.FileSystemPreferences checkLockFile0ErrorCode
2024-06-21 12:04:02,588 [ERROR] LogOutputStream:75 - [STDERR_REDIRECT] WARNING: Could not lock System prefs. Unix error code -785992591.
2024-06-21 12:04:02,588 [ERROR] LogOutputStream:75 - [STDERR_REDIRECT] 
2024-06-21 12:04:02,589 [ERROR] LogOutputStream:75 - [STDERR_REDIRECT] Jun 21, 2024 12:04:02 PM java.util.prefs.FileSystemPreferences syncWorld
2024-06-21 12:04:02,589 [ERROR] LogOutputStream:75 - [STDERR_REDIRECT] WARNING: Couldn't flush system prefs: java.util.prefs.BackingStoreException: Couldn't get file lock.
2024-06-21 12:04:02,589 [ERROR] LogOutputStream:75 - [STDERR_REDIRECT] 
2024-06-21 12:04:32,594 [ERROR] LogOutputStream:75 - [STDERR_REDIRECT] Jun 21, 2024 12:04:32 PM java.util.prefs.FileSystemPreferences checkLockFile0ErrorCode
2024-06-21 12:04:32,595 [ERROR] LogOutputStream:75 - [STDERR_REDIRECT] WARNING: Could not lock System prefs. Unix error code -785992591.
2024-06-21 12:04:32,595 [ERROR] LogOutputStream:75 - [STDERR_REDIRECT] 
2024-06-21 12:04:32,596 [ERROR] LogOutputStream:75 - [STDERR_REDIRECT] Jun 21, 2024 12:04:32 PM java.util.prefs.FileSystemPreferences syncWorld
2024-06-21 12:04:32,596 [ERROR] LogOutputStream:75 - [STDERR_REDIRECT] WARNING: Couldn't flush system prefs: java.util.prefs.BackingStoreException: Couldn't get file lock.
2024-06-21 12:04:32,596 [ERROR] LogOutputStream:75 - [STDERR_REDIRECT] 
2024-06-21 12:05:02,603 [ERROR] LogOutputStream:75 - [STDERR_REDIRECT] Jun 21, 2024 12:05:02 PM java.util.prefs.FileSystemPreferences checkLockFile0ErrorCode
2024-06-21 12:05:02,603 [ERROR] LogOutputStream:75 - [STDERR_REDIRECT] WARNING: Could not lock System prefs. Unix error code 32530.
2024-06-21 12:05:02,603 [ERROR] LogOutputStream:75 - [STDERR_REDIRECT] 
2024-06-21 12:05:02,603 [ERROR] LogOutputStream:75 - [STDERR_REDIRECT] Jun 21, 2024 12:05:02 PM java.util.prefs.FileSystemPreferences syncWorld
2024-06-21 12:05:02,603 [ERROR] LogOutputStream:75 - [STDERR_REDIRECT] WARNING: Couldn't flush system prefs: java.util.prefs.BackingStoreException: Couldn't get file lock.
2024-06-21 12:05:02,603 [ERROR] LogOutputStream:75 - [STDERR_REDIRECT] 
2024-06-21 12:05:32,596 [ERROR] LogOutputStream:75 - [STDERR_REDIRECT] Jun 21, 2024 12:05:32 PM java.util.prefs.FileSystemPreferences checkLockFile0ErrorCode
2024-06-21 12:05:32,596 [ERROR] LogOutputStream:75 - [STDERR_REDIRECT] WARNING: Could not lock System prefs. Unix error code -785992591.
2024-06-21 12:05:32,596 [ERROR] LogOutputStream:75 - [STDERR_REDIRECT] 
2024-06-21 12:05:32,596 [ERROR] LogOutputStream:75 - [STDERR_REDIRECT] Jun 21, 2024 12:05:32 PM java.util.prefs.FileSystemPreferences syncWorld
2024-06-21 12:05:32,597 [ERROR] LogOutputStream:75 - [STDERR_REDIRECT] WARNING: Couldn't flush system prefs: java.util.prefs.BackingStoreException: Couldn't get file lock.
2024-06-21 12:05:32,597 [ERROR] LogOutputStream:75 - [STDERR_REDIRECT] 
2024-06-21 12:06:02,600 [ERROR] LogOutputStream:75 - [STDERR_REDIRECT] Jun 21, 2024 12:06:02 PM java.util.prefs.FileSystemPreferences checkLockFile0ErrorCode
2024-06-21 12:06:02,600 [ERROR] LogOutputStream:75 - [STDERR_REDIRECT] WARNING: Could not lock System prefs. Unix error code -785992591.
2024-06-21 12:06:02,600 [ERROR] LogOutputStream:75 - [STDERR_REDIRECT] 
2024-06-21 12:06:02,601 [ERROR] LogOutputStream:75 - [STDERR_REDIRECT] Jun 21, 2024 12:06:02 PM java.util.prefs.FileSystemPreferences syncWorld
2024-06-21 12:06:02,601 [ERROR] LogOutputStream:75 - [STDERR_REDIRECT] WARNING: Couldn't flush system prefs: java.util.prefs.BackingStoreException: Couldn't get file lock.
2024-06-21 12:06:02,601 [ERROR] LogOutputStream:75 - [STDERR_REDIRECT] 
2024-06-21 12:06:32,593 [ERROR] LogOutputStream:75 - [STDERR_REDIRECT] Jun 21, 2024 12:06:32 PM java.util.prefs.FileSystemPreferences checkLockFile0ErrorCode
2024-06-21 12:06:32,593 [ERROR] LogOutputStream:75 - [STDERR_REDIRECT] WARNING: Could not lock System prefs. Unix error code -785992591.
2024-06-21 12:06:32,594 [ERROR] LogOutputStream:75 - [STDERR_REDIRECT] 
2024-06-21 12:06:32,594 [ERROR] LogOutputStream:75 - [STDERR_REDIRECT] Jun 21, 2024 12:06:32 PM java.util.prefs.FileSystemPreferences syncWorld
2024-06-21 12:06:32,594 [ERROR] LogOutputStream:75 - [STDERR_REDIRECT] WARNING: Couldn't flush system prefs: java.util.prefs.BackingStoreException: Couldn't get file lock.
2024-06-21 12:06:32,594 [ERROR] LogOutputStream:75 - [STDERR_REDIRECT] 
2024-06-21 12:07:02,599 [ERROR] LogOutputStream:75 - [STDERR_REDIRECT] Jun 21, 2024 12:07:02 PM java.util.prefs.FileSystemPreferences checkLockFile0ErrorCode
2024-06-21 12:07:02,599 [ERROR] LogOutputStream:75 - [STDERR_REDIRECT] WARNING: Could not lock System prefs. Unix error code -785992591.
2024-06-21 12:07:02,599 [ERROR] LogOutputStream:75 - [STDERR_REDIRECT] 
2024-06-21 12:07:02,599 [ERROR] LogOutputStream:75 - [STDERR_REDIRECT] Jun 21, 2024 12:07:02 PM java.util.prefs.FileSystemPreferences syncWorld
2024-06-21 12:07:02,599 [ERROR] LogOutputStream:75 - [STDERR_REDIRECT] WARNING: Couldn't flush system prefs: java.util.prefs.BackingStoreException: Couldn't get file lock.
2024-06-21 12:07:02,599 [ERROR] LogOutputStream:75 - [STDERR_REDIRECT] 
2024-06-21 12:07:32,617 [ERROR] LogOutputStream:75 - [STDERR_REDIRECT] Jun 21, 2024 12:07:32 PM java.util.prefs.FileSystemPreferences checkLockFile0ErrorCode
2024-06-21 12:07:32,617 [ERROR] LogOutputStream:75 - [STDERR_REDIRECT] WARNING: Could not lock System prefs. Unix error code -785992591.
2024-06-21 12:07:32,617 [ERROR] LogOutputStream:75 - [STDERR_REDIRECT] 
2024-06-21 12:07:32,618 [ERROR] LogOutputStream:75 - [STDERR_REDIRECT] Jun 21, 2024 12:07:32 PM java.util.prefs.FileSystemPreferences syncWorld
2024-06-21 12:07:32,618 [ERROR] LogOutputStream:75 - [STDERR_REDIRECT] WARNING: Couldn't flush system prefs: java.util.prefs.BackingStoreException: Couldn't get file lock.
2024-06-21 12:07:32,618 [ERROR] LogOutputStream:75 - [STDERR_REDIRECT] 
2024-06-21 12:08:02,614 [ERROR] LogOutputStream:75 - [STDERR_REDIRECT] Jun 21, 2024 12:08:02 PM java.util.prefs.FileSystemPreferences checkLockFile0ErrorCode
2024-06-21 12:08:02,614 [ERROR] LogOutputStream:75 - [STDERR_REDIRECT] WARNING: Could not lock System prefs. Unix error code -785992591.
2024-06-21 12:08:02,614 [ERROR] LogOutputStream:75 - [STDERR_REDIRECT] 
2024-06-21 12:08:02,614 [ERROR] LogOutputStream:75 - [STDERR_REDIRECT] Jun 21, 2024 12:08:02 PM java.util.prefs.FileSystemPreferences syncWorld
2024-06-21 12:08:02,614 [ERROR] LogOutputStream:75 - [STDERR_REDIRECT] WARNING: Couldn't flush system prefs: java.util.prefs.BackingStoreException: Couldn't get file lock.
2024-06-21 12:08:02,615 [ERROR] LogOutputStream:75 - [STDERR_REDIRECT] 
2024-06-21 12:08:32,619 [ERROR] LogOutputStream:75 - [STDERR_REDIRECT] Jun 21, 2024 12:08:32 PM java.util.prefs.FileSystemPreferences checkLockFile0ErrorCode
2024-06-21 12:08:32,619 [ERROR] LogOutputStream:75 - [STDERR_REDIRECT] WARNING: Could not lock System prefs. Unix error code -785992591.
2024-06-21 12:08:32,619 [ERROR] LogOutputStream:75 - [STDERR_REDIRECT] 
2024-06-21 12:08:32,620 [ERROR] LogOutputStream:75 - [STDERR_REDIRECT] Jun 21, 2024 12:08:32 PM java.util.prefs.FileSystemPreferences syncWorld
2024-06-21 12:08:32,620 [ERROR] LogOutputStream:75 - [STDERR_REDIRECT] WARNING: Couldn't flush system prefs: java.util.prefs.BackingStoreException: Couldn't get file lock.
2024-06-21 12:08:32,620 [ERROR] LogOutputStream:75 - [STDERR_REDIRECT] 
2024-06-21 12:09:02,623 [ERROR] LogOutputStream:75 - [STDERR_REDIRECT] Jun 21, 2024 12:09:02 PM java.util.prefs.FileSystemPreferences checkLockFile0ErrorCode
2024-06-21 12:09:02,623 [ERROR] LogOutputStream:75 - [STDERR_REDIRECT] WARNING: Could not lock System prefs. Unix error code -785992591.
2024-06-21 12:09:02,623 [ERROR] LogOutputStream:75 - [STDERR_REDIRECT] 
2024-06-21 12:09:02,623 [ERROR] LogOutputStream:75 - [STDERR_REDIRECT] Jun 21, 2024 12:09:02 PM java.util.prefs.FileSystemPreferences syncWorld
2024-06-21 12:09:02,623 [ERROR] LogOutputStream:75 - [STDERR_REDIRECT] WARNING: Couldn't flush system prefs: java.util.prefs.BackingStoreException: Couldn't get file lock.
2024-06-21 12:09:02,623 [ERROR] LogOutputStream:75 - [STDERR_REDIRECT] 
2024-06-21 12:09:32,629 [ERROR] LogOutputStream:75 - [STDERR_REDIRECT] Jun 21, 2024 12:09:32 PM java.util.prefs.FileSystemPreferences checkLockFile0ErrorCode
2024-06-21 12:09:32,629 [ERROR] LogOutputStream:75 - [STDERR_REDIRECT] WARNING: Could not lock System prefs. Unix error code -785992591.
2024-06-21 12:09:32,630 [ERROR] LogOutputStream:75 - [STDERR_REDIRECT] 
2024-06-21 12:09:32,630 [ERROR] LogOutputStream:75 - [STDERR_REDIRECT] Jun 21, 2024 12:09:32 PM java.util.prefs.FileSystemPreferences syncWorld
2024-06-21 12:09:32,630 [ERROR] LogOutputStream:75 - [STDERR_REDIRECT] WARNING: Couldn't flush system prefs: java.util.prefs.BackingStoreException: Couldn't get file lock.
2024-06-21 12:09:32,630 [ERROR] LogOutputStream:75 - [STDERR_REDIRECT] 
2024-06-21 12:10:02,634 [ERROR] LogOutputStream:75 - [STDERR_REDIRECT] Jun 21, 2024 12:10:02 PM java.util.prefs.FileSystemPreferences checkLockFile0ErrorCode
2024-06-21 12:10:02,634 [ERROR] LogOutputStream:75 - [STDERR_REDIRECT] WARNING: Could not lock System prefs. Unix error code -785992591.
2024-06-21 12:10:02,634 [ERROR] LogOutputStream:75 - [STDERR_REDIRECT] 
2024-06-21 12:10:02,634 [ERROR] LogOutputStream:75 - [STDERR_REDIRECT] Jun 21, 2024 12:10:02 PM java.util.prefs.FileSystemPreferences syncWorld
2024-06-21 12:10:02,635 [ERROR] LogOutputStream:75 - [STDERR_REDIRECT] WARNING: Couldn't flush system prefs: java.util.prefs.BackingStoreException: Couldn't get file lock.
2024-06-21 12:10:02,635 [ERROR] LogOutputStream:75 - [STDERR_REDIRECT] 
2024-06-21 12:10:32,634 [ERROR] LogOutputStream:75 - [STDERR_REDIRECT] Jun 21, 2024 12:10:32 PM java.util.prefs.FileSystemPreferences checkLockFile0ErrorCode
2024-06-21 12:10:32,634 [ERROR] LogOutputStream:75 - [STDERR_REDIRECT] WARNING: Could not lock System prefs. Unix error code -785992591.
2024-06-21 12:10:32,634 [ERROR] LogOutputStream:75 - [STDERR_REDIRECT] 
2024-06-21 12:10:32,634 [ERROR] LogOutputStream:75 - [STDERR_REDIRECT] Jun 21, 2024 12:10:32 PM java.util.prefs.FileSystemPreferences syncWorld
2024-06-21 12:10:32,634 [ERROR] LogOutputStream:75 - [STDERR_REDIRECT] WARNING: Couldn't flush system prefs: java.util.prefs.BackingStoreException: Couldn't get file lock.
2024-06-21 12:10:32,634 [ERROR] LogOutputStream:75 - [STDERR_REDIRECT] 
2024-06-21 12:11:02,630 [ERROR] LogOutputStream:75 - [STDERR_REDIRECT] Jun 21, 2024 12:11:02 PM java.util.prefs.FileSystemPreferences checkLockFile0ErrorCode
2024-06-21 12:11:02,630 [ERROR] LogOutputStream:75 - [STDERR_REDIRECT] WARNING: Could not lock System prefs. Unix error code -785992591.
2024-06-21 12:11:02,630 [ERROR] LogOutputStream:75 - [STDERR_REDIRECT] 
2024-06-21 12:11:02,631 [ERROR] LogOutputStream:75 - [STDERR_REDIRECT] Jun 21, 2024 12:11:02 PM java.util.prefs.FileSystemPreferences syncWorld
2024-06-21 12:11:02,631 [ERROR] LogOutputStream:75 - [STDERR_REDIRECT] WARNING: Couldn't flush system prefs: java.util.prefs.BackingStoreException: Couldn't get file lock.
2024-06-21 12:11:02,631 [ERROR] LogOutputStream:75 - [STDERR_REDIRECT] 
2024-06-21 12:11:32,640 [ERROR] LogOutputStream:75 - [STDERR_REDIRECT] Jun 21, 2024 12:11:32 PM java.util.prefs.FileSystemPreferences checkLockFile0ErrorCode
2024-06-21 12:11:32,640 [ERROR] LogOutputStream:75 - [STDERR_REDIRECT] WARNING: Could not lock System prefs. Unix error code -785992591.
2024-06-21 12:11:32,641 [ERROR] LogOutputStream:75 - [STDERR_REDIRECT] 
2024-06-21 12:11:32,641 [ERROR] LogOutputStream:75 - [STDERR_REDIRECT] Jun 21, 2024 12:11:32 PM java.util.prefs.FileSystemPreferences syncWorld
2024-06-21 12:11:32,641 [ERROR] LogOutputStream:75 - [STDERR_REDIRECT] WARNING: Couldn't flush system prefs: java.util.prefs.BackingStoreException: Couldn't get file lock.
2024-06-21 12:11:32,641 [ERROR] LogOutputStream:75 - [STDERR_REDIRECT] 
2024-06-21 12:12:02,646 [ERROR] LogOutputStream:75 - [STDERR_REDIRECT] Jun 21, 2024 12:12:02 PM java.util.prefs.FileSystemPreferences checkLockFile0ErrorCode
2024-06-21 12:12:02,646 [ERROR] LogOutputStream:75 - [STDERR_REDIRECT] WARNING: Could not lock System prefs. Unix error code -785992591.
2024-06-21 12:12:02,646 [ERROR] LogOutputStream:75 - [STDERR_REDIRECT] 
2024-06-21 12:12:02,647 [ERROR] LogOutputStream:75 - [STDERR_REDIRECT] Jun 21, 2024 12:12:02 PM java.util.prefs.FileSystemPreferences syncWorld
2024-06-21 12:12:02,647 [ERROR] LogOutputStream:75 - [STDERR_REDIRECT] WARNING: Couldn't flush system prefs: java.util.prefs.BackingStoreException: Couldn't get file lock.
2024-06-21 12:12:02,647 [ERROR] LogOutputStream:75 - [STDERR_REDIRECT] 
2024-06-21 12:12:32,637 [ERROR] LogOutputStream:75 - [STDERR_REDIRECT] Jun 21, 2024 12:12:32 PM java.util.prefs.FileSystemPreferences checkLockFile0ErrorCode
2024-06-21 12:12:32,637 [ERROR] LogOutputStream:75 - [STDERR_REDIRECT] WARNING: Could not lock System prefs. Unix error code -785992591.
2024-06-21 12:12:32,637 [ERROR] LogOutputStream:75 - [STDERR_REDIRECT] 
2024-06-21 12:12:32,637 [ERROR] LogOutputStream:75 - [STDERR_REDIRECT] Jun 21, 2024 12:12:32 PM java.util.prefs.FileSystemPreferences syncWorld
2024-06-21 12:12:32,638 [ERROR] LogOutputStream:75 - [STDERR_REDIRECT] WARNING: Couldn't flush system prefs: java.util.prefs.BackingStoreException: Couldn't get file lock.
2024-06-21 12:12:32,638 [ERROR] LogOutputStream:75 - [STDERR_REDIRECT] 
2024-06-21 12:13:02,662 [ERROR] LogOutputStream:75 - [STDERR_REDIRECT] Jun 21, 2024 12:13:02 PM java.util.prefs.FileSystemPreferences checkLockFile0ErrorCode
2024-06-21 12:13:02,662 [ERROR] LogOutputStream:75 - [STDERR_REDIRECT] WARNING: Could not lock System prefs. Unix error code -785992591.
2024-06-21 12:13:02,662 [ERROR] LogOutputStream:75 - [STDERR_REDIRECT] 
2024-06-21 12:13:02,662 [ERROR] LogOutputStream:75 - [STDERR_REDIRECT] Jun 21, 2024 12:13:02 PM java.util.prefs.FileSystemPreferences syncWorld
2024-06-21 12:13:02,662 [ERROR] LogOutputStream:75 - [STDERR_REDIRECT] WARNING: Couldn't flush system prefs: java.util.prefs.BackingStoreException: Couldn't get file lock.
2024-06-21 12:13:02,662 [ERROR] LogOutputStream:75 - [STDERR_REDIRECT] 
2024-06-21 12:13:32,648 [ERROR] LogOutputStream:75 - [STDERR_REDIRECT] Jun 21, 2024 12:13:32 PM java.util.prefs.FileSystemPreferences checkLockFile0ErrorCode
2024-06-21 12:13:32,649 [ERROR] LogOutputStream:75 - [STDERR_REDIRECT] WARNING: Could not lock System prefs. Unix error code -785992591.
2024-06-21 12:13:32,649 [ERROR] LogOutputStream:75 - [STDERR_REDIRECT] 
2024-06-21 12:13:32,649 [ERROR] LogOutputStream:75 - [STDERR_REDIRECT] Jun 21, 2024 12:13:32 PM java.util.prefs.FileSystemPreferences syncWorld
2024-06-21 12:13:32,649 [ERROR] LogOutputStream:75 - [STDERR_REDIRECT] WARNING: Couldn't flush system prefs: java.util.prefs.BackingStoreException: Couldn't get file lock.
2024-06-21 12:13:32,649 [ERROR] LogOutputStream:75 - [STDERR_REDIRECT] 
2024-06-21 12:14:02,658 [ERROR] LogOutputStream:75 - [STDERR_REDIRECT] Jun 21, 2024 12:14:02 PM java.util.prefs.FileSystemPreferences checkLockFile0ErrorCode
2024-06-21 12:14:02,658 [ERROR] LogOutputStream:75 - [STDERR_REDIRECT] WARNING: Could not lock System prefs. Unix error code -785992591.
2024-06-21 12:14:02,658 [ERROR] LogOutputStream:75 - [STDERR_REDIRECT] 
2024-06-21 12:14:02,658 [ERROR] LogOutputStream:75 - [STDERR_REDIRECT] Jun 21, 2024 12:14:02 PM java.util.prefs.FileSystemPreferences syncWorld
2024-06-21 12:14:02,658 [ERROR] LogOutputStream:75 - [STDERR_REDIRECT] WARNING: Couldn't flush system prefs: java.util.prefs.BackingStoreException: Couldn't get file lock.
2024-06-21 12:14:02,658 [ERROR] LogOutputStream:75 - [STDERR_REDIRECT] 
2024-06-21 12:14:32,668 [ERROR] LogOutputStream:75 - [STDERR_REDIRECT] Jun 21, 2024 12:14:32 PM java.util.prefs.FileSystemPreferences checkLockFile0ErrorCode
2024-06-21 12:14:32,668 [ERROR] LogOutputStream:75 - [STDERR_REDIRECT] WARNING: Could not lock System prefs. Unix error code -785992591.
2024-06-21 12:14:32,669 [ERROR] LogOutputStream:75 - [STDERR_REDIRECT] 
2024-06-21 12:14:32,669 [ERROR] LogOutputStream:75 - [STDERR_REDIRECT] Jun 21, 2024 12:14:32 PM java.util.prefs.FileSystemPreferences syncWorld
2024-06-21 12:14:32,669 [ERROR] LogOutputStream:75 - [STDERR_REDIRECT] WARNING: Couldn't flush system prefs: java.util.prefs.BackingStoreException: Couldn't get file lock.
2024-06-21 12:14:32,669 [ERROR] LogOutputStream:75 - [STDERR_REDIRECT] 
2024-06-21 12:15:02,664 [ERROR] LogOutputStream:75 - [STDERR_REDIRECT] Jun 21, 2024 12:15:02 PM java.util.prefs.FileSystemPreferences checkLockFile0ErrorCode
2024-06-21 12:15:02,664 [ERROR] LogOutputStream:75 - [STDERR_REDIRECT] WARNING: Could not lock System prefs. Unix error code -785992591.
2024-06-21 12:15:02,664 [ERROR] LogOutputStream:75 - [STDERR_REDIRECT] 
2024-06-21 12:15:02,665 [ERROR] LogOutputStream:75 - [STDERR_REDIRECT] Jun 21, 2024 12:15:02 PM java.util.prefs.FileSystemPreferences syncWorld
2024-06-21 12:15:02,665 [ERROR] LogOutputStream:75 - [STDERR_REDIRECT] WARNING: Couldn't flush system prefs: java.util.prefs.BackingStoreException: Couldn't get file lock.
2024-06-21 12:15:02,665 [ERROR] LogOutputStream:75 - [STDERR_REDIRECT] 
2024-06-21 12:15:32,676 [ERROR] LogOutputStream:75 - [STDERR_REDIRECT] Jun 21, 2024 12:15:32 PM java.util.prefs.FileSystemPreferences checkLockFile0ErrorCode
2024-06-21 12:15:32,677 [ERROR] LogOutputStream:75 - [STDERR_REDIRECT] WARNING: Could not lock System prefs. Unix error code -785992591.
2024-06-21 12:15:32,678 [ERROR] LogOutputStream:75 - [STDERR_REDIRECT] 
2024-06-21 12:15:32,678 [ERROR] LogOutputStream:75 - [STDERR_REDIRECT] Jun 21, 2024 12:15:32 PM java.util.prefs.FileSystemPreferences syncWorld
2024-06-21 12:15:32,678 [ERROR] LogOutputStream:75 - [STDERR_REDIRECT] WARNING: Couldn't flush system prefs: java.util.prefs.BackingStoreException: Couldn't get file lock.
2024-06-21 12:15:32,678 [ERROR] LogOutputStream:75 - [STDERR_REDIRECT] 
2024-06-21 12:16:02,670 [ERROR] LogOutputStream:75 - [STDERR_REDIRECT] Jun 21, 2024 12:16:02 PM java.util.prefs.FileSystemPreferences checkLockFile0ErrorCode
2024-06-21 12:16:02,670 [ERROR] LogOutputStream:75 - [STDERR_REDIRECT] WARNING: Could not lock System prefs. Unix error code -785992591.
2024-06-21 12:16:02,670 [ERROR] LogOutputStream:75 - [STDERR_REDIRECT] 
2024-06-21 12:16:02,670 [ERROR] LogOutputStream:75 - [STDERR_REDIRECT] Jun 21, 2024 12:16:02 PM java.util.prefs.FileSystemPreferences syncWorld
2024-06-21 12:16:02,670 [ERROR] LogOutputStream:75 - [STDERR_REDIRECT] WARNING: Couldn't flush system prefs: java.util.prefs.BackingStoreException: Couldn't get file lock.
2024-06-21 12:16:02,670 [ERROR] LogOutputStream:75 - [STDERR_REDIRECT] 
2024-06-21 12:16:32,670 [ERROR] LogOutputStream:75 - [STDERR_REDIRECT] Jun 21, 2024 12:16:32 PM java.util.prefs.FileSystemPreferences checkLockFile0ErrorCode
2024-06-21 12:16:32,670 [ERROR] LogOutputStream:75 - [STDERR_REDIRECT] WARNING: Could not lock System prefs. Unix error code -785992591.
2024-06-21 12:16:32,671 [ERROR] LogOutputStream:75 - [STDERR_REDIRECT] 
2024-06-21 12:16:32,671 [ERROR] LogOutputStream:75 - [STDERR_REDIRECT] Jun 21, 2024 12:16:32 PM java.util.prefs.FileSystemPreferences syncWorld
2024-06-21 12:16:32,671 [ERROR] LogOutputStream:75 - [STDERR_REDIRECT] WARNING: Couldn't flush system prefs: java.util.prefs.BackingStoreException: Couldn't get file lock.
2024-06-21 12:16:32,671 [ERROR] LogOutputStream:75 - [STDERR_REDIRECT] 
2024-06-21 12:17:02,665 [ERROR] LogOutputStream:75 - [STDERR_REDIRECT] Jun 21, 2024 12:17:02 PM java.util.prefs.FileSystemPreferences checkLockFile0ErrorCode
2024-06-21 12:17:02,666 [ERROR] LogOutputStream:75 - [STDERR_REDIRECT] WARNING: Could not lock System prefs. Unix error code -785992591.
2024-06-21 12:17:02,666 [ERROR] LogOutputStream:75 - [STDERR_REDIRECT] 
2024-06-21 12:17:02,666 [ERROR] LogOutputStream:75 - [STDERR_REDIRECT] Jun 21, 2024 12:17:02 PM java.util.prefs.FileSystemPreferences syncWorld
2024-06-21 12:17:02,666 [ERROR] LogOutputStream:75 - [STDERR_REDIRECT] WARNING: Couldn't flush system prefs: java.util.prefs.BackingStoreException: Couldn't get file lock.
2024-06-21 12:17:02,666 [ERROR] LogOutputStream:75 - [STDERR_REDIRECT] 
2024-06-21 12:17:32,665 [ERROR] LogOutputStream:75 - [STDERR_REDIRECT] Jun 21, 2024 12:17:32 PM java.util.prefs.FileSystemPreferences checkLockFile0ErrorCode
2024-06-21 12:17:32,665 [ERROR] LogOutputStream:75 - [STDERR_REDIRECT] WARNING: Could not lock System prefs. Unix error code -785992591.
2024-06-21 12:17:32,665 [ERROR] LogOutputStream:75 - [STDERR_REDIRECT] 
2024-06-21 12:17:32,666 [ERROR] LogOutputStream:75 - [STDERR_REDIRECT] Jun 21, 2024 12:17:32 PM java.util.prefs.FileSystemPreferences syncWorld
2024-06-21 12:17:32,666 [ERROR] LogOutputStream:75 - [STDERR_REDIRECT] WARNING: Couldn't flush system prefs: java.util.prefs.BackingStoreException: Couldn't get file lock.
2024-06-21 12:17:32,666 [ERROR] LogOutputStream:75 - [STDERR_REDIRECT] 
2024-06-21 12:18:02,668 [ERROR] LogOutputStream:75 - [STDERR_REDIRECT] Jun 21, 2024 12:18:02 PM java.util.prefs.FileSystemPreferences checkLockFile0ErrorCode
2024-06-21 12:18:02,668 [ERROR] LogOutputStream:75 - [STDERR_REDIRECT] WARNING: Could not lock System prefs. Unix error code -785992591.
2024-06-21 12:18:02,668 [ERROR] LogOutputStream:75 - [STDERR_REDIRECT] 
2024-06-21 12:18:02,669 [ERROR] LogOutputStream:75 - [STDERR_REDIRECT] Jun 21, 2024 12:18:02 PM java.util.prefs.FileSystemPreferences syncWorld
2024-06-21 12:18:02,669 [ERROR] LogOutputStream:75 - [STDERR_REDIRECT] WARNING: Couldn't flush system prefs: java.util.prefs.BackingStoreException: Couldn't get file lock.
2024-06-21 12:18:02,669 [ERROR] LogOutputStream:75 - [STDERR_REDIRECT] 
